
ELF-loader started on CPU: ARM Ltd. Cortex-A57 r1p0
  paddr=[40a25000..40eea0d7]
No DTB passed in from boot loader.
Looking for DTB in CPIO archive...found at 40b64288.
Loaded DTB from 40b64288.
   paddr=[4023d000..4023efff]
ELF-loading image 'kernel' to 40000000
  paddr=[40000000..4023cfff]
  vaddr=[ffffff8040000000..ffffff804023cfff]
  virt_entry=ffffff8040000000
ELF-loading image 'cohesix_root.elf' to 4023f000
  paddr=[4023f000..402e3fff]
  vaddr=[400000..4a4fff]
  virt_entry=401008
Enabling MMU and paging
Jumping to kernel-image entry point...

Bootstrapping kernel
Warning: Could not infer GIC interrupt target ID, assuming 0.
available phys memory regions: 1
  [40000000..80000000]
reserved virt address space regions: 3
  [ffffff8040000000..ffffff804023d000]
  [ffffff804023d000..ffffff804023ed15]
  [ffffff804023f000..ffffff80402e4000]
Booting all finished, dropped to user space
Caught cap fault in send phase at address 0
while trying to handle:
user exception 0x2000000 code 0
in thread 0xffffff807ffc9400 "rootserver" at address 0x402a74
With stack:
0x4a2000: 0x0
0x4a2008: 0x0
0x4a2010: 0x0
0x4a2018: 0x0
0x4a2020: 0x0
0x4a2028: 0x0
0x4a2030: 0x0
0x4a2038: 0x0
0x4a2040: 0x0
0x4a2048: 0x0
0x4a2050: 0x0
0x4a2058: 0x0
0x4a2060: 0x0
0x4a2068: 0x0
0x4a2070: 0x0
0x4a2078: 0x0
QEMU: Terminated
