
ELF-loader started on CPU: ARM Ltd. Cortex-A57 r1p0
  paddr=[40a25000..40eea0d7]
No DTB passed in from boot loader.
Looking for DTB in CPIO archive...found at 40b64288.
Loaded DTB from 40b64288.
   paddr=[4023d000..4023efff]
ELF-loading image 'kernel' to 40000000
  paddr=[40000000..4023cfff]
  vaddr=[ffffff8040000000..ffffff804023cfff]
  virt_entry=ffffff8040000000
ELF-loading image 'cohesix_root.elf' to 4023f000
  paddr=[4023f000..402e6fff]
  vaddr=[400000..4a7fff]
  virt_entry=401008
Enabling MMU and paging
Jumping to kernel-image entry point...

Bootstrapping kernel
Warning: Could not infer GIC interrupt target ID, assuming 0.
available phys memory regions: 1
  [40000000..80000000]
reserved virt address space regions: 3
  [ffffff8040000000..ffffff804023d000]
  [ffffff804023d000..ffffff804023ed15]
  [ffffff804023f000..ffffff80402e7000]
Booting all finished, dropped to user space
Caught cap fault in send phase at address 0
while trying to handle:
unknown syscall 0
in thread 0xffffff807ffc9400 "rootserver" at address 0x404070
With stack:
0x4a4dc0: 0x0
0x4a4dc8: 0x0
0x4a4dd0: 0x0
0x4a4dd8: 0x0
0x4a4de0: 0x0
0x4a4de8: 0x0
0x4a4df0: 0x0
0x4a4df8: 0x0
0x4a4e00: 0x0
0x4a4e08: 0x0
0x4a4e10: 0x0
0x4a4e18: 0x0
0x4a4e20: 0x0
0x4a4e28: 0x0
0x4a4e30: 0x0
0x4a4e38: 0x0
QEMU: Terminated
