[cohesix-build] Final root-task feature set: cohesix-dev
[cohesix-build] TCP console NIC backend: virtio
[cohesix-build] Using QEMU binary: qemu-system-aarch64 (QEMU emulator version 10.1.0)
[cohesix-build] Regenerating coh-rtc artefacts via: cargo run -p coh-rtc -- configs/root_task.toml --out apps/root-task/src/generated --manifest out/manifests/root_task_resolved.json --cas-manifest-template out/cas_manifest_template.json --cli-script scripts/cohsh/boot_v0.coh --doc-snippet docs/snippets/root_task_manifest.md --observability-interfaces-snippet docs/snippets/observability_interfaces.md --observability-security-snippet docs/snippets/observability_security.md --cas-interfaces-snippet docs/snippets/cas_interfaces.md --cas-security-snippet docs/snippets/cas_security.md --cohsh-grammar-doc docs/snippets/cohsh_grammar.md --cohsh-ticket-policy-doc docs/snippets/cohsh_ticket_policy.md
    Finished `dev` profile [unoptimized + debuginfo] target(s) in 0.10s
     Running `target/debug/coh-rtc configs/root_task.toml --out /Users/lukasbower/GitHub/cohesix/apps/root-task/src/generated --manifest /Users/lukasbower/GitHub/cohesix/out/manifests/root_task_resolved.json --cas-manifest-template /Users/lukasbower/GitHub/cohesix/out/cas_manifest_template.json --cli-script /Users/lukasbower/GitHub/cohesix/scripts/cohsh/boot_v0.coh --doc-snippet /Users/lukasbower/GitHub/cohesix/docs/snippets/root_task_manifest.md --observability-interfaces-snippet /Users/lukasbower/GitHub/cohesix/docs/snippets/observability_interfaces.md --observability-security-snippet /Users/lukasbower/GitHub/cohesix/docs/snippets/observability_security.md --cas-interfaces-snippet /Users/lukasbower/GitHub/cohesix/docs/snippets/cas_interfaces.md --cas-security-snippet /Users/lukasbower/GitHub/cohesix/docs/snippets/cas_security.md --cohsh-grammar-doc /Users/lukasbower/GitHub/cohesix/docs/snippets/cohsh_grammar.md --cohsh-ticket-policy-doc /Users/lukasbower/GitHub/cohesix/docs/snippets/cohsh_ticket_policy.md`
coh-rtc: wrote rust=/Users/lukasbower/GitHub/cohesix/apps/root-task/src/generated, manifest=/Users/lukasbower/GitHub/cohesix/out/manifests/root_task_resolved.json, cas_template=/Users/lukasbower/GitHub/cohesix/out/cas_manifest_template.json, cas_hash=/Users/lukasbower/GitHub/cohesix/out/cas_manifest_template.json.sha256, cli=/Users/lukasbower/GitHub/cohesix/scripts/cohsh/boot_v0.coh, docs=/Users/lukasbower/GitHub/cohesix/docs/snippets/root_task_manifest.md, obs_interfaces=/Users/lukasbower/GitHub/cohesix/docs/snippets/observability_interfaces.md, obs_security=/Users/lukasbower/GitHub/cohesix/docs/snippets/observability_security.md, cas_interfaces=/Users/lukasbower/GitHub/cohesix/docs/snippets/cas_interfaces.md, cas_security=/Users/lukasbower/GitHub/cohesix/docs/snippets/cas_security.md, cbor=docs/snippets/telemetry_cbor_schema.md, cohsh_policy=out/cohsh_policy.toml, cohsh_hash=out/cohsh_policy.toml.sha256, cohsh_rust=apps/cohsh/src/generated/policy.rs, cohsh_docs=docs/snippets/cohsh_policy.md, cohsh_client_rust=apps/cohsh/src/generated/client.rs, cohsh_client_doc=docs/snippets/cohsh_client.md, cohsh_grammar=/Users/lukasbower/GitHub/cohesix/docs/snippets/cohsh_grammar.md, cohsh_ticket_policy=/Users/lukasbower/GitHub/cohesix/docs/snippets/cohsh_ticket_policy.md
[cohesix-build] Building host tooling via: cargo build --release -p gpu-bridge-host -p host-sidecar-bridge -p cas-tool
    Blocking waiting for file lock on build directory
warning: unused import: `TamperReason`
  --> apps/worker-lora/src/host.rs:14:81
   |
14 |     DutyCycleConfig, DutyCycleDecision, DutyCycleGuard, TamperEntry, TamperLog, TamperReason,
   |                                                                                 ^^^^^^^^^^^^
   |
   = note: `#[warn(unused_imports)]` on by default

warning: missing documentation for a struct field
  --> apps/sidecar-bus/src/lib.rs:54:16
   |
54 |     Oversize { requested: usize, max_bytes: usize },
   |                ^^^^^^^^^^^^^^^^
   |
note: the lint level is defined here
  --> apps/sidecar-bus/src/lib.rs:7:9
   |
7  | #![warn(missing_docs)]
   |         ^^^^^^^^^^^^

warning: missing documentation for a struct field
  --> apps/sidecar-bus/src/lib.rs:54:34
   |
54 |     Oversize { requested: usize, max_bytes: usize },
   |                                  ^^^^^^^^^^^^^^^^

warning: missing documentation for a struct field
   --> apps/sidecar-bus/src/lib.rs:204:14
    |
204 |     Queued { seq: u64 },
    |              ^^^^^^^^

warning: `worker-lora` (lib) generated 1 warning (run `cargo fix --lib -p worker-lora` to apply 1 suggestion)
warning: `sidecar-bus` (lib) generated 3 warnings
warning: unused import: `SpoolFrame`
  --> apps/nine-door/src/host/namespace.rs:12:69
   |
12 | use sidecar_bus::{LinkState, OfflineSpool, SpoolConfig, SpoolError, SpoolFrame};
   |                                                                     ^^^^^^^^^^
   |
   = note: `#[warn(unused_imports)]` on by default

warning: unused import: `DutyCycleDecision`
  --> apps/nine-door/src/host/namespace.rs:17:22
   |
17 |     DutyCycleConfig, DutyCycleDecision, DutyCycleGuard, TamperEntry, TamperLog, TamperReason,
   |                      ^^^^^^^^^^^^^^^^^

warning: methods `journal_bounds` and `decisions_bounds` are never used
   --> apps/nine-door/src/host/audit.rs:156:12
    |
132 | impl AuditStore {
    | --------------- methods in this implementation
...
156 |     pub fn journal_bounds(&self) -> LogBounds {
    |            ^^^^^^^^^^^^^^
...
160 |     pub fn decisions_bounds(&self) -> LogBounds {
    |            ^^^^^^^^^^^^^^^^
    |
    = note: `#[warn(dead_code)]` on by default

warning: field `offset_start` is never read
   --> apps/nine-door/src/host/audit.rs:628:5
    |
626 | struct LogEntry {
    |        -------- field in this struct
627 |     bytes: Vec<u8>,
628 |     offset_start: u64,
    |     ^^^^^^^^^^^^
    |
    = note: `LogEntry` has a derived impl for the trait `Debug`, but this is intentionally ignored during dead code analysis

warning: method `boolean` is never used
  --> apps/nine-door/src/host/cbor.rs:64:19
   |
22 | impl CborWriter {
   | --------------- method in this implementation
...
64 |     pub(crate) fn boolean(&mut self, value: bool) -> Result<(), CborError> {
   |                   ^^^^^^^

warning: methods `handle_frame` and `dispatch` are never used
   --> apps/nine-door/src/host/core.rs:219:19
    |
76  | impl ServerCore {
    | --------------- methods in this implementation
...
219 |     pub(crate) fn handle_frame(
    |                   ^^^^^^^^^^^^
...
397 |     fn dispatch(
    |        ^^^^^^^^

warning: methods `mount_root` and `matches_path` are never used
   --> apps/nine-door/src/host/namespace.rs:422:12
    |
417 | impl SidecarScope {
    | ----------------- methods in this implementation
...
422 |     pub fn mount_root(&self) -> &[String] {
    |            ^^^^^^^^^^
...
426 |     fn matches_path(&self, path: &[String]) -> bool {
    |        ^^^^^^^^^^^^

warning: associated items `new_with_telemetry_and_manifest`, `new_with_telemetry_manifest_and_host`, and `policy_enabled` are never used
   --> apps/nine-door/src/host/namespace.rs:571:12
    |
547 | impl Namespace {
    | -------------- associated items in this implementation
...
571 |     pub fn new_with_telemetry_and_manifest(
    |            ^^^^^^^^^^^^^^^^^^^^^^^^^^^^^^^
...
633 |     pub fn new_with_telemetry_manifest_and_host(
    |            ^^^^^^^^^^^^^^^^^^^^^^^^^^^^^^^^^^^^
...
727 |     pub fn policy_enabled(&self) -> bool {
    |            ^^^^^^^^^^^^^^

warning: method `enabled` is never used
    --> apps/nine-door/src/host/namespace.rs:2134:8
     |
2102 | impl SidecarBusState {
     | -------------------- method in this implementation
...
2134 |     fn enabled(&self) -> bool {
     |        ^^^^^^^

warning: methods `enabled` and `adapter_for_path_mut` are never used
    --> apps/nine-door/src/host/namespace.rs:2360:8
     |
2328 | impl SidecarLoraState {
     | --------------------- methods in this implementation
...
2360 |     fn enabled(&self) -> bool {
     |        ^^^^^^^
...
2399 |     fn adapter_for_path_mut(
     |        ^^^^^^^^^^^^^^^^^^^^

warning: field `variant` is never read
    --> apps/nine-door/src/host/namespace.rs:2506:35
     |
2506 |     UpdateStatus { epoch: String, variant: UiVariant },
     |     ------------                  ^^^^^^^
     |     |
     |     field in this variant
     |
     = note: `CasPath` has derived impls for the traits `Clone` and `Debug`, but these are intentionally ignored during dead code analysis

warning: field `kind` is never read
    --> apps/nine-door/src/host/namespace.rs:2511:35
     |
2511 |     ModelFile { digest: [u8; 32], kind: ModelFileKind },
     |     ---------                     ^^^^
     |     |
     |     field in this variant
     |
     = note: `CasPath` has derived impls for the traits `Clone` and `Debug`, but these are intentionally ignored during dead code analysis

warning: `nine-door` (lib) generated 12 warnings (run `cargo fix --lib -p nine-door` to apply 2 suggestions)
   Compiling cohsh v0.1.0 (/Users/lukasbower/GitHub/cohesix/apps/cohsh)
   Compiling host-sidecar-bridge v0.1.0 (/Users/lukasbower/GitHub/cohesix/apps/host-sidecar-bridge)
   Compiling cas-tool v0.1.0 (/Users/lukasbower/GitHub/cohesix/apps/cas-tool)
    Finished `release` profile [optimized] target(s) in 25.22s
[cohesix-build] Building cohsh CLI with TCP transport via: cargo build --release -p cohsh --features tcp
    Blocking waiting for file lock on build directory
warning: unused import: `TamperReason`
  --> apps/worker-lora/src/host.rs:14:81
   |
14 |     DutyCycleConfig, DutyCycleDecision, DutyCycleGuard, TamperEntry, TamperLog, TamperReason,
   |                                                                                 ^^^^^^^^^^^^
   |
   = note: `#[warn(unused_imports)]` on by default

warning: `worker-lora` (lib) generated 1 warning (run `cargo fix --lib -p worker-lora` to apply 1 suggestion)
warning: missing documentation for a struct field
  --> apps/sidecar-bus/src/lib.rs:54:16
   |
54 |     Oversize { requested: usize, max_bytes: usize },
   |                ^^^^^^^^^^^^^^^^
   |
note: the lint level is defined here
  --> apps/sidecar-bus/src/lib.rs:7:9
   |
7  | #![warn(missing_docs)]
   |         ^^^^^^^^^^^^

warning: missing documentation for a struct field
  --> apps/sidecar-bus/src/lib.rs:54:34
   |
54 |     Oversize { requested: usize, max_bytes: usize },
   |                                  ^^^^^^^^^^^^^^^^

warning: missing documentation for a struct field
   --> apps/sidecar-bus/src/lib.rs:204:14
    |
204 |     Queued { seq: u64 },
    |              ^^^^^^^^

warning: `sidecar-bus` (lib) generated 3 warnings
warning: unused import: `SpoolFrame`
  --> apps/nine-door/src/host/namespace.rs:12:69
   |
12 | use sidecar_bus::{LinkState, OfflineSpool, SpoolConfig, SpoolError, SpoolFrame};
   |                                                                     ^^^^^^^^^^
   |
   = note: `#[warn(unused_imports)]` on by default

warning: unused import: `DutyCycleDecision`
  --> apps/nine-door/src/host/namespace.rs:17:22
   |
17 |     DutyCycleConfig, DutyCycleDecision, DutyCycleGuard, TamperEntry, TamperLog, TamperReason,
   |                      ^^^^^^^^^^^^^^^^^

warning: methods `journal_bounds` and `decisions_bounds` are never used
   --> apps/nine-door/src/host/audit.rs:156:12
    |
132 | impl AuditStore {
    | --------------- methods in this implementation
...
156 |     pub fn journal_bounds(&self) -> LogBounds {
    |            ^^^^^^^^^^^^^^
...
160 |     pub fn decisions_bounds(&self) -> LogBounds {
    |            ^^^^^^^^^^^^^^^^
    |
    = note: `#[warn(dead_code)]` on by default

warning: field `offset_start` is never read
   --> apps/nine-door/src/host/audit.rs:628:5
    |
626 | struct LogEntry {
    |        -------- field in this struct
627 |     bytes: Vec<u8>,
628 |     offset_start: u64,
    |     ^^^^^^^^^^^^
    |
    = note: `LogEntry` has a derived impl for the trait `Debug`, but this is intentionally ignored during dead code analysis

warning: method `boolean` is never used
  --> apps/nine-door/src/host/cbor.rs:64:19
   |
22 | impl CborWriter {
   | --------------- method in this implementation
...
64 |     pub(crate) fn boolean(&mut self, value: bool) -> Result<(), CborError> {
   |                   ^^^^^^^

warning: methods `handle_frame` and `dispatch` are never used
   --> apps/nine-door/src/host/core.rs:219:19
    |
76  | impl ServerCore {
    | --------------- methods in this implementation
...
219 |     pub(crate) fn handle_frame(
    |                   ^^^^^^^^^^^^
...
397 |     fn dispatch(
    |        ^^^^^^^^

warning: methods `mount_root` and `matches_path` are never used
   --> apps/nine-door/src/host/namespace.rs:422:12
    |
417 | impl SidecarScope {
    | ----------------- methods in this implementation
...
422 |     pub fn mount_root(&self) -> &[String] {
    |            ^^^^^^^^^^
...
426 |     fn matches_path(&self, path: &[String]) -> bool {
    |        ^^^^^^^^^^^^

warning: associated items `new_with_telemetry_and_manifest`, `new_with_telemetry_manifest_and_host`, and `policy_enabled` are never used
   --> apps/nine-door/src/host/namespace.rs:571:12
    |
547 | impl Namespace {
    | -------------- associated items in this implementation
...
571 |     pub fn new_with_telemetry_and_manifest(
    |            ^^^^^^^^^^^^^^^^^^^^^^^^^^^^^^^
...
633 |     pub fn new_with_telemetry_manifest_and_host(
    |            ^^^^^^^^^^^^^^^^^^^^^^^^^^^^^^^^^^^^
...
727 |     pub fn policy_enabled(&self) -> bool {
    |            ^^^^^^^^^^^^^^

warning: method `enabled` is never used
    --> apps/nine-door/src/host/namespace.rs:2134:8
     |
2102 | impl SidecarBusState {
     | -------------------- method in this implementation
...
2134 |     fn enabled(&self) -> bool {
     |        ^^^^^^^

warning: methods `enabled` and `adapter_for_path_mut` are never used
    --> apps/nine-door/src/host/namespace.rs:2360:8
     |
2328 | impl SidecarLoraState {
     | --------------------- methods in this implementation
...
2360 |     fn enabled(&self) -> bool {
     |        ^^^^^^^
...
2399 |     fn adapter_for_path_mut(
     |        ^^^^^^^^^^^^^^^^^^^^

warning: field `variant` is never read
    --> apps/nine-door/src/host/namespace.rs:2506:35
     |
2506 |     UpdateStatus { epoch: String, variant: UiVariant },
     |     ------------                  ^^^^^^^
     |     |
     |     field in this variant
     |
     = note: `CasPath` has derived impls for the traits `Clone` and `Debug`, but these are intentionally ignored during dead code analysis

warning: field `kind` is never read
    --> apps/nine-door/src/host/namespace.rs:2511:35
     |
2511 |     ModelFile { digest: [u8; 32], kind: ModelFileKind },
     |     ---------                     ^^^^
     |     |
     |     field in this variant
     |
     = note: `CasPath` has derived impls for the traits `Clone` and `Debug`, but these are intentionally ignored during dead code analysis

warning: `nine-door` (lib) generated 12 warnings (run `cargo fix --lib -p nine-door` to apply 2 suggestions)
   Compiling cohsh v0.1.0 (/Users/lukasbower/GitHub/cohesix/apps/cohsh)
    Finished `release` profile [optimized] target(s) in 33.94s
[cohesix-build] Using root-task linker script: /Users/lukasbower/GitHub/cohesix/apps/root-task/sel4.ld
[cohesix-build] Building root-task via: cargo build --target aarch64-unknown-none --release -p root-task --no-default-features --features cohesix-dev
   Compiling sel4-sys v0.0.28 (/Users/lukasbower/GitHub/cohesix/crates/sel4-sys)
   Compiling root-task v0.1.0 (/Users/lukasbower/GitHub/cohesix/apps/root-task)
warning: missing documentation for a struct field
  --> apps/sidecar-bus/src/lib.rs:54:16
   |
54 |     Oversize { requested: usize, max_bytes: usize },
   |                ^^^^^^^^^^^^^^^^
   |
note: the lint level is defined here
  --> apps/sidecar-bus/src/lib.rs:7:9
   |
7  | #![warn(missing_docs)]
   |         ^^^^^^^^^^^^

warning: missing documentation for a struct field
  --> apps/sidecar-bus/src/lib.rs:54:34
   |
54 |     Oversize { requested: usize, max_bytes: usize },
   |                                  ^^^^^^^^^^^^^^^^

warning: missing documentation for a struct field
   --> apps/sidecar-bus/src/lib.rs:204:14
    |
204 |     Queued { seq: u64 },
    |              ^^^^^^^^

warning: `sidecar-bus` (lib) generated 3 warnings
   Compiling sel4-panicking v0.7.0 (/Users/lukasbower/GitHub/cohesix/crates/sel4-panicking)
   Compiling sel4-runtime v0.7.0 (/Users/lukasbower/GitHub/cohesix/crates/sel4-runtime)
warning: unused import: `crate::net::NetPoller`
  --> apps/root-task/src/userland/mod.rs:32:5
   |
32 | use crate::net::NetPoller;
   |     ^^^^^^^^^^^^^^^^^^^^^
   |
   = note: `#[warn(unused_imports)]` on by default

warning: unused imports: `SidecarLink` and `SpoolConfig`
 --> apps/root-task/src/generated/bootstrap.rs:5:287
  |
5 | ..., SidecarBusConfig, SidecarConfig, SidecarLink, SidecarLoraAdapter, SidecarLoraConfig, SpoolConfig, TelemetryConfig, TelemetryCursorCo...
  |                                       ^^^^^^^^^^^                                         ^^^^^^^^^^^

warning: unused import: `VerifyingKey`
  --> apps/root-task/src/ninedoor.rs:27:44
   |
27 | use ed25519_dalek::{Signature, SigningKey, VerifyingKey};
   |                                            ^^^^^^^^^^^^

warning: value assigned to `summary_storage` is never read
    --> apps/root-task/src/event/mod.rs:1444:45
     |
1444 | ...                   let mut summary_storage: Option<
     |                               ^^^^^^^^^^^^^^^
     |
     = help: maybe it is overwritten before being read?
     = note: `#[warn(unused_assignments)]` on by default

warning: value assigned to `activity` is never read
    --> apps/root-task/src/net/stack.rs:3474:37
     |
3474 | ...                   activity |= Self::flush_outbound(
     |                       ^^^^^^^^
     |
     = help: maybe it is overwritten before being read?

warning: value assigned to `allow_flush` is never read
    --> apps/root-task/src/net/stack.rs:3933:21
     |
3933 |                     allow_flush = false;
     |                     ^^^^^^^^^^^
     |
     = help: maybe it is overwritten before being read?

warning: value assigned to `decoded` is never read
    --> apps/root-task/src/ninedoor.rs:1642:17
     |
1642 |         let mut decoded = None;
     |                 ^^^^^^^
     |
     = help: maybe it is overwritten before being read?

warning: value assigned to `manifest_bytes` is never read
    --> apps/root-task/src/ninedoor.rs:1643:17
     |
1643 |         let mut manifest_bytes = None;
     |                 ^^^^^^^^^^^^^^
     |
     = help: maybe it is overwritten before being read?

warning: `root-task` (lib) generated 8 warnings (run `cargo fix --lib -p root-task` to apply 3 suggestions)
    Finished `release` profile [optimized] target(s) in 22.20s
[cohesix-build] Building seL4 components via: cargo build --target aarch64-unknown-none --release -p nine-door -p worker-heart -p worker-gpu
    Finished `release` profile [optimized] target(s) in 0.06s
[cohesix-build] Built root-task: target/aarch64-unknown-none/release/root-task (1808472 bytes, sha256=b9b60529c5633da07aa9cfbb5c527e2dc8f916b197bc5984ad41b32abe526344)
[cohesix-build] Sanitised elfloader copied to out/cohesix-m20b/staging/elfloader (archive 3051520 -> 2004004 bytes, rootserver delta -1047088 bytes)
[cohesix-build] Sanitised elfloader: out/cohesix-m20b/staging/elfloader (3259760 bytes, sha256=fd87ae967a9bf992df3f48418d0404cac8594ab064c49cdc4ba58664eef62370)
[cohesix-build] Packaged component binary: out/cohesix-m20b/staging/cohesix/bin/root-task
[cohesix-build] Packaged component binary: out/cohesix-m20b/staging/cohesix/bin/nine-door
[cohesix-build] Packaged component binary: out/cohesix-m20b/staging/cohesix/bin/worker-heart
[cohesix-build] Packaged component binary: out/cohesix-m20b/staging/cohesix/bin/worker-gpu
[cohesix-build] Copied host-side tool: out/cohesix-m20b/host-tools/cohsh
[cohesix-build] Copied host-side tool: out/cohesix-m20b/host-tools/gpu-bridge-host
[cohesix-build] Copied host-side tool: out/cohesix-m20b/host-tools/host-sidecar-bridge
[cohesix-build] Copied host-side tool: out/cohesix-m20b/host-tools/cas-tool
[cohesix-build] Packaged selftest script: out/cohesix-m20b/staging/cohesix/proc/tests/selftest_quick.coh
[cohesix-build] Packaged selftest script: out/cohesix-m20b/staging/cohesix/proc/tests/selftest_full.coh
[cohesix-build] Packaged selftest script: out/cohesix-m20b/staging/cohesix/proc/tests/selftest_negative.coh
[cohesix-build] Packaged component binary: out/cohesix-m20b/staging/rootserver
[cohesix-build] Staged rootserver size: out/cohesix-m20b/staging/rootserver (1808472 bytes)
[cohesix-build] rootserver sha256=b9b60529c5633da07aa9cfbb5c527e2dc8f916b197bc5984ad41b32abe526344
[cohesix-build] seL4 kernel: out/cohesix-m20b/staging/kernel.elf (898288 bytes, sha256=f7a12c48a914e6eedca07f3c52ed2ece68c400cf117c68404d522badd3076682)
[cohesix-build] Root server: out/cohesix-m20b/staging/rootserver (1808472 bytes, sha256=b9b60529c5633da07aa9cfbb5c527e2dc8f916b197bc5984ad41b32abe526344)
[cohesix-build] Manifest written to out/cohesix-m20b/staging/cohesix/manifest.json
[cohesix-build] Creating payload archive at /Users/lukasbower/GitHub/cohesix/out/cohesix-m20b/cohesix-system.cpio
3546 blocks
[cohesix-build] Payload CPIO: /Users/lukasbower/GitHub/cohesix/out/cohesix-m20b/cohesix-system.cpio (1815552 bytes, sha256=8a0581ba4d08a408e3a3b085e9571cc410b8942ca48ea5df070242f8980a86ae)
Archive size OK: 1815552 bytes
[cohesix-build] Auto-detected GIC version: gic-version=2
[cohesix-build] Wiring virtio-net MMIO NIC for TCP console
qemu-system-aarch64: -netdev user,id=net0,hostfwd=tcp:127.0.0.1:31337-:31337,hostfwd=udp:127.0.0.1:31338-:31338,hostfwd=tcp:127.0.0.1:31339-:31339: Could not set up host forwarding rule 'tcp:127.0.0.1:31339-:31339'
