Welcome to Cohesix. Type 'help' for commands.
detached shell: run 'attach <role>' to connect
[cohsh][tcp] connected to 127.0.0.1:31337 (connects=1)
[cohsh][tcp] remote NineDoor ready as role Queen
[console] OK AUTH
[console] OK ATTACH role=queen
[cohsh][tcp] remote NineDoor ready as role Queen
[cohsh][tcp] remote NineDoor ready as role Queen
[cohsh][tcp] remote NineDoor ready as role Queen
[cohsh][tcp] remote NineDoor ready as role Queen
[cohsh][tcp] remote NineDoor ready as role Queen
attached session SessionId(2) as Queen
[console] OK ECHO path=/actions/queue bytes=63
[console] OK CAT path=/actions/model-spawn/status data={"id":"model-spawn","decision":"approve","state":"queued"}
{"id":"model-spawn","decision":"approve","state":"queued"}
[console] OK ECHO path=/queen/ctl bytes=53
[console] OK CAT path=/actions/model-spawn/status data={"id":"model-spawn","decision":"approve","state":"consumed"}
{"id":"model-spawn","decision":"approve","state":"consumed"}
[console] OK ECHO path=/models/b709c9e6fbe27b1543d56f56aa5de23107764ef48a9a5c8a07bca698a5ceee6a/weights bytes=64
[console] OK ECHO path=/models/b709c9e6fbe27b1543d56f56aa5de23107764ef48a9a5c8a07bca698a5ceee6a/weights bytes=64
[console] OK ECHO path=/models/b709c9e6fbe27b1543d56f56aa5de23107764ef48a9a5c8a07bca698a5ceee6a/schema bytes=9
[console] OK ECHO path=/models/b709c9e6fbe27b1543d56f56aa5de23107764ef48a9a5c8a07bca698a5ceee6a/signature bytes=6
[console] OK LS path=/models entries=1
[console] OK CAT path=/models/b709c9e6fbe27b1543d56f56aa5de23107764ef48a9a5c8a07bca698a5ceee6a/weights data=b64:V1dXV1dXV1dXV1dXV1dXV1dXV1dXV1dXV
b709c9e6fbe27b1543d56f56aa5de23107764ef48a9a5c8a07bca698a5ceee6a
[console] OK ECHO path=/actions/queue bytes=62
[console] OK CAT path=/actions/model-bind/status data={"id":"model-bind","decision":"approve","state":"queued"}
{"id":"model-bind","decision":"approve","state":"queued"}
[console] OK ECHO path=/queen/ctl bytes=122
[console] OK CAT path=/actions/model-bind/status data={"id":"model-bind","decision":"approve","state":"consumed"}
{"id":"model-bind","decision":"approve","state":"consumed"}
[console] OK CAT path=/worker/worker-1/model/weights data=b64:V1dXV1dXV1dXV1dXV1dXV1dXV1dXV1dXV1dXV1dXV1dXV1dXV1dXV1dXV1dXV1dXV1dXV1dXV1dXV1dXV1d
{"id":"model-bind","decision":"approve","state":"consumed"}
[console] ERR ECHO reason=ninedoor-error error=EPERM
[cohsh][tcp] connected to 127.0.0.1:31337 (connects=2)
[cohsh][tcp] connected to 127.0.0.1:31337 (connects=3)
closing session
