Welcome to Cohesix. Type 'help' for commands.
detached shell: run 'attach <role>' to connect
[cohsh][tcp] connected to 127.0.0.1:31337 (connects=1)
[cohsh][tcp] remote NineDoor ready as role WorkerBus
[console] OK AUTH
[console] OK ATTACH role=worker-bus
[cohsh][tcp] remote NineDoor ready as role WorkerBus
[cohsh][tcp] remote NineDoor ready as role WorkerBus
[cohsh][tcp] remote NineDoor ready as role WorkerBus
[cohsh][tcp] remote NineDoor ready as role WorkerBus
[cohsh][tcp] remote NineDoor ready as role WorkerBus
attached session SessionId(2) as WorkerBus
[console] OK LS path=/bus entries=1
[console] ERR LS reason=ninedoor-error error=invalid path
[console] OK CAT path=/bus/modbus-main/spool data=entries=0 bytes=0 max_entries=8 max_bytes=512
entries=0 bytes=0 max_entries=8 max_bytes=512
[console] OK ECHO path=/bus/modbus-main/telemetry bytes=5
[console] OK ECHO path=/bus/modbus-main/telemetry bytes=4
[console] OK CAT path=/bus/modbus-main/spool data=entries=2 bytes=11 max_entries=8 max_bytes=512|seq=1 bytes=6 payload=alpha||seq=2 bytes=5 paylo
entries=2 bytes=11 max_entries=8 max_bytes=512|seq=1 bytes=6 payload=alpha||seq=2 bytes=5 paylo
[console] OK ECHO path=/bus/modbus-main/replay bytes=6
[console] OK CAT path=/bus/modbus-main/replay data=replay entries=2 bytes=11
replay entries=2 bytes=11
[console] OK CAT path=/bus/modbus-main/spool data=entries=0 bytes=0 max_entries=8 max_bytes=512
replay entries=2 bytes=11
[console] ERR ECHO reason=ninedoor-error error=EPERM
[console] OK CAT path=/log/queen.log data=sidecar-deny kind=lora scope=modbus-main
sidecar-deny kind=lora scope=modbus-main
[cohsh][tcp] connected to 127.0.0.1:31337 (connects=2)
[cohsh][tcp] connected to 127.0.0.1:31337 (connects=3)
closing session
