warning: unused import: `TamperReason`
  --> apps/worker-lora/src/host.rs:14:81
   |
14 |     DutyCycleConfig, DutyCycleDecision, DutyCycleGuard, TamperEntry, TamperLog, TamperReason,
   |                                                                                 ^^^^^^^^^^^^
   |
   = note: `#[warn(unused_imports)]` on by default

warning: `worker-lora` (lib) generated 1 warning (run `cargo fix --lib -p worker-lora` to apply 1 suggestion)
warning: missing documentation for a struct field
  --> apps/sidecar-bus/src/lib.rs:54:16
   |
54 |     Oversize { requested: usize, max_bytes: usize },
   |                ^^^^^^^^^^^^^^^^
   |
note: the lint level is defined here
  --> apps/sidecar-bus/src/lib.rs:7:9
   |
7  | #![warn(missing_docs)]
   |         ^^^^^^^^^^^^

warning: missing documentation for a struct field
  --> apps/sidecar-bus/src/lib.rs:54:34
   |
54 |     Oversize { requested: usize, max_bytes: usize },
   |                                  ^^^^^^^^^^^^^^^^

warning: missing documentation for a struct field
   --> apps/sidecar-bus/src/lib.rs:204:14
    |
204 |     Queued { seq: u64 },
    |              ^^^^^^^^

warning: `sidecar-bus` (lib) generated 3 warnings
warning: unused import: `SpoolFrame`
  --> apps/nine-door/src/host/namespace.rs:12:69
   |
12 | use sidecar_bus::{LinkState, OfflineSpool, SpoolConfig, SpoolError, SpoolFrame};
   |                                                                     ^^^^^^^^^^
   |
   = note: `#[warn(unused_imports)]` on by default

warning: unused import: `DutyCycleDecision`
  --> apps/nine-door/src/host/namespace.rs:17:22
   |
17 |     DutyCycleConfig, DutyCycleDecision, DutyCycleGuard, TamperEntry, TamperLog, TamperReason,
   |                      ^^^^^^^^^^^^^^^^^

warning: methods `journal_bounds` and `decisions_bounds` are never used
   --> apps/nine-door/src/host/audit.rs:156:12
    |
132 | impl AuditStore {
    | --------------- methods in this implementation
...
156 |     pub fn journal_bounds(&self) -> LogBounds {
    |            ^^^^^^^^^^^^^^
...
160 |     pub fn decisions_bounds(&self) -> LogBounds {
    |            ^^^^^^^^^^^^^^^^
    |
    = note: `#[warn(dead_code)]` on by default

warning: field `offset_start` is never read
   --> apps/nine-door/src/host/audit.rs:628:5
    |
626 | struct LogEntry {
    |        -------- field in this struct
627 |     bytes: Vec<u8>,
628 |     offset_start: u64,
    |     ^^^^^^^^^^^^
    |
    = note: `LogEntry` has a derived impl for the trait `Debug`, but this is intentionally ignored during dead code analysis

warning: methods `handle_frame` and `dispatch` are never used
   --> apps/nine-door/src/host/core.rs:221:19
    |
75  | impl ServerCore {
    | --------------- methods in this implementation
...
221 |     pub(crate) fn handle_frame(
    |                   ^^^^^^^^^^^^
...
399 |     fn dispatch(
    |        ^^^^^^^^

warning: methods `mount_root` and `matches_path` are never used
   --> apps/nine-door/src/host/namespace.rs:419:12
    |
414 | impl SidecarScope {
    | ----------------- methods in this implementation
...
419 |     pub fn mount_root(&self) -> &[String] {
    |            ^^^^^^^^^^
...
423 |     fn matches_path(&self, path: &[String]) -> bool {
    |        ^^^^^^^^^^^^

warning: associated items `new_with_telemetry_and_manifest`, `new_with_telemetry_manifest_and_host`, and `policy_enabled` are never used
   --> apps/nine-door/src/host/namespace.rs:555:12
    |
532 | impl Namespace {
    | -------------- associated items in this implementation
...
555 |     pub fn new_with_telemetry_and_manifest(
    |            ^^^^^^^^^^^^^^^^^^^^^^^^^^^^^^^
...
614 |     pub fn new_with_telemetry_manifest_and_host(
    |            ^^^^^^^^^^^^^^^^^^^^^^^^^^^^^^^^^^^^
...
683 |     pub fn policy_enabled(&self) -> bool {
    |            ^^^^^^^^^^^^^^

warning: method `enabled` is never used
    --> apps/nine-door/src/host/namespace.rs:1884:8
     |
1852 | impl SidecarBusState {
     | -------------------- method in this implementation
...
1884 |     fn enabled(&self) -> bool {
     |        ^^^^^^^

warning: methods `enabled` and `adapter_for_path_mut` are never used
    --> apps/nine-door/src/host/namespace.rs:2110:8
     |
2078 | impl SidecarLoraState {
     | --------------------- methods in this implementation
...
2110 |     fn enabled(&self) -> bool {
     |        ^^^^^^^
...
2149 |     fn adapter_for_path_mut(
     |        ^^^^^^^^^^^^^^^^^^^^

warning: field `kind` is never read
    --> apps/nine-door/src/host/namespace.rs:2260:35
     |
2260 |     ModelFile { digest: [u8; 32], kind: ModelFileKind },
     |     ---------                     ^^^^
     |     |
     |     field in this variant
     |
     = note: `CasPath` has derived impls for the traits `Clone` and `Debug`, but these are intentionally ignored during dead code analysis

warning: `nine-door` (lib) generated 10 warnings (run `cargo fix --lib -p nine-door` to apply 2 suggestions)
   Compiling cohsh v0.1.0 (/Users/lukasbower/GitHub/cohesix/apps/cohsh)
    Finished `dev` profile [unoptimized + debuginfo] target(s) in 1.07s
     Running `target/debug/cohsh --transport tcp --script scripts/cohsh/sidecar_integration.coh`
Welcome to Cohesix. Type 'help' for commands.
detached shell: run 'attach <role>' to connect
[cohsh][tcp] connected to 127.0.0.1:31337 (connects=1)
[cohsh][tcp] remote NineDoor ready as role WorkerBus
[console] OK AUTH
[console] OK ATTACH role=worker-bus
[cohsh][tcp] remote NineDoor ready as role WorkerBus
[cohsh][tcp] remote NineDoor ready as role WorkerBus
[cohsh][tcp] remote NineDoor ready as role WorkerBus
[cohsh][tcp] remote NineDoor ready as role WorkerBus
[cohsh][tcp] remote NineDoor ready as role WorkerBus
attached session SessionId(2) as WorkerBus
[console] OK LS path=/bus entries=1
[console] ERR LS reason=ninedoor-error error=invalid path
[console] OK CAT path=/bus/modbus-main/spool data=entries=0 bytes=0 max_entries=8 max_bytes=512
entries=0 bytes=0 max_entries=8 max_bytes=512
[console] OK ECHO path=/bus/modbus-main/telemetry bytes=5
[console] OK ECHO path=/bus/modbus-main/telemetry bytes=4
[console] OK CAT path=/bus/modbus-main/spool data=entries=2 bytes=11 max_entries=8 max_bytes=512|seq=1 bytes=6 payload=alpha||seq=2 bytes=5 paylo
entries=2 bytes=11 max_entries=8 max_bytes=512|seq=1 bytes=6 payload=alpha||seq=2 bytes=5 paylo
[console] OK ECHO path=/bus/modbus-main/replay bytes=6
[console] OK CAT path=/bus/modbus-main/replay data=replay entries=2 bytes=11
replay entries=2 bytes=11
[console] OK CAT path=/bus/modbus-main/spool data=entries=0 bytes=0 max_entries=8 max_bytes=512
replay entries=2 bytes=11
[console] ERR ECHO reason=ninedoor-error error=EPERM
[console] OK CAT path=/log/queen.log data=sidecar-deny kind=lora scope=modbus-main
sidecar-deny kind=lora scope=modbus-main
[cohsh][tcp] connected to 127.0.0.1:31337 (connects=2)
[cohsh][tcp] connected to 127.0.0.1:31337 (connects=3)
closing session
