Output of:
aarch64-linux-gnu-gcc -Wall -Wshadow -Wwrite-strings -Wundef -Wstrict-prototypes -Wunused -Wunused-parameter -Wunused-function -Wunused-value -Wmissing-prototypes -Wmissing-declarations -Wno-format-security -Wdeclaration-after-statement -Wold-style-definition -finline-limit=0 -fno-builtin-strlen -fomit-frame-pointer -ffunction-sections -fdata-sections -fno-guess-branch-probability -funsigned-char -falign-functions=1 -falign-jumps=1 -falign-labels=1 -falign-loops=1 -fno-unwind-tables -fno-asynchronous-unwind-tables -fno-builtin-printf -Oz -static -o busybox_unstripped -Wl,--sort-common -Wl,--sort-section,alignment -Wl,--start-group applets/built-in.o archival/lib.a archival/libarchive/lib.a console-tools/lib.a coreutils/lib.a coreutils/libcoreutils/lib.a debianutils/lib.a klibc-utils/lib.a e2fsprogs/lib.a editors/lib.a findutils/lib.a init/lib.a libbb/lib.a libpwdgrp/lib.a loginutils/lib.a mailutils/lib.a miscutils/lib.a modutils/lib.a networking/lib.a networking/libiproute/lib.a networking/udhcp/lib.a printutils/lib.a procps/lib.a runit/lib.a selinux/lib.a shell/lib.a sysklogd/lib.a util-linux/lib.a util-linux/volume_id/lib.a archival/built-in.o archival/libarchive/built-in.o console-tools/built-in.o coreutils/built-in.o coreutils/libcoreutils/built-in.o debianutils/built-in.o klibc-utils/built-in.o e2fsprogs/built-in.o editors/built-in.o findutils/built-in.o init/built-in.o libbb/built-in.o libpwdgrp/built-in.o loginutils/built-in.o mailutils/built-in.o miscutils/built-in.o modutils/built-in.o networking/built-in.o networking/libiproute/built-in.o networking/udhcp/built-in.o printutils/built-in.o procps/built-in.o runit/built-in.o selinux/built-in.o shell/built-in.o sysklogd/built-in.o util-linux/built-in.o util-linux/volume_id/built-in.o -Wl,--end-group -Wl,--warn-common -Wl,-Map,busybox_unstripped.map -Wl,--verbose
==========
GNU ld (GNU Binutils for Ubuntu) 2.42
  Supported emulations:
   aarch64linux
   aarch64elf
   aarch64elf32
   aarch64elf32b
   aarch64elfb
   armelf
   armelfb
   aarch64linuxb
   aarch64linux32
   aarch64linux32b
   armelfb_linux_eabi
   armelf_linux_eabi
using internal linker script:
==================================================
/* Script for -z combreloc */
/* Copyright (C) 2014-2024 Free Software Foundation, Inc.
   Copying and distribution of this script, with or without modification,
   are permitted in any medium without royalty provided the copyright
   notice and this notice are preserved.  */
OUTPUT_FORMAT("elf64-littleaarch64", "elf64-bigaarch64",
	      "elf64-littleaarch64")
OUTPUT_ARCH(aarch64)
ENTRY(_start)
SEARCH_DIR("=/usr/local/lib/aarch64-linux-gnu"); SEARCH_DIR("=/lib/aarch64-linux-gnu"); SEARCH_DIR("=/usr/lib/aarch64-linux-gnu"); SEARCH_DIR("=/usr/local/lib"); SEARCH_DIR("=/lib"); SEARCH_DIR("=/usr/lib"); SEARCH_DIR("=/usr/aarch64-linux-gnu/lib");
SECTIONS
{
  /* Read-only sections, merged into text segment: */
  PROVIDE (__executable_start = SEGMENT_START("text-segment", 0x400000)); . = SEGMENT_START("text-segment", 0x400000) + SIZEOF_HEADERS;
  .interp         : { *(.interp) }
  .note.gnu.build-id  : { *(.note.gnu.build-id) }
  .hash           : { *(.hash) }
  .gnu.hash       : { *(.gnu.hash) }
  .dynsym         : { *(.dynsym) }
  .dynstr         : { *(.dynstr) }
  .gnu.version    : { *(.gnu.version) }
  .gnu.version_d  : { *(.gnu.version_d) }
  .gnu.version_r  : { *(.gnu.version_r) }
  .rela.dyn       :
    {
      *(.rela.init)
      *(.rela.text .rela.text.* .rela.gnu.linkonce.t.*)
      *(.rela.fini)
      *(.rela.rodata .rela.rodata.* .rela.gnu.linkonce.r.*)
      *(.rela.data .rela.data.* .rela.gnu.linkonce.d.*)
      *(.rela.tdata .rela.tdata.* .rela.gnu.linkonce.td.*)
      *(.rela.tbss .rela.tbss.* .rela.gnu.linkonce.tb.*)
      *(.rela.ctors)
      *(.rela.dtors)
      *(.rela.got)
      *(.rela.bss .rela.bss.* .rela.gnu.linkonce.b.*)
      *(.rela.ifunc)
    }
  .rela.plt       :
    {
      *(.rela.plt)
      PROVIDE_HIDDEN (__rela_iplt_start = .);
      *(.rela.iplt)
      PROVIDE_HIDDEN (__rela_iplt_end = .);
    }
  .init           :
  {
    KEEP (*(SORT_NONE(.init)))
  } =0x1f2003d5
  .plt            : ALIGN(16) { *(.plt) *(.iplt) }
  .text           :
  {
    *(.text.unlikely .text.*_unlikely .text.unlikely.*)
    *(.text.exit .text.exit.*)
    *(.text.startup .text.startup.*)
    *(.text.hot .text.hot.*)
    *(SORT(.text.sorted.*))
    *(.text .stub .text.* .gnu.linkonce.t.*)
    /* .gnu.warning sections are handled specially by elf.em.  */
    *(.gnu.warning)
  } =0x1f2003d5
  .fini           :
  {
    KEEP (*(SORT_NONE(.fini)))
  } =0x1f2003d5
  PROVIDE (__etext = .);
  PROVIDE (_etext = .);
  PROVIDE (etext = .);
  .rodata         : { *(.rodata .rodata.* .gnu.linkonce.r.*) }
  .rodata1        : { *(.rodata1) }
  .eh_frame_hdr   : { *(.eh_frame_hdr) *(.eh_frame_entry .eh_frame_entry.*) }
  .eh_frame       : ONLY_IF_RO { KEEP (*(.eh_frame)) *(.eh_frame.*) }
  .sframe         : ONLY_IF_RO { *(.sframe) *(.sframe.*) }
  .gcc_except_table   : ONLY_IF_RO { *(.gcc_except_table .gcc_except_table.*) }
  .gnu_extab   : ONLY_IF_RO { *(.gnu_extab*) }
  /* These sections are generated by the Sun/Oracle C++ compiler.  */
  .exception_ranges   : ONLY_IF_RO { *(.exception_ranges*) }
  /* Adjust the address for the data segment.  We want to adjust up to
     the same address within the page on the next page up.  */
  . = DATA_SEGMENT_ALIGN (CONSTANT (MAXPAGESIZE), CONSTANT (COMMONPAGESIZE));
  /* Exception handling  */
  .eh_frame       : ONLY_IF_RW { KEEP (*(.eh_frame)) *(.eh_frame.*) }
  .sframe         : ONLY_IF_RW { *(.sframe) *(.sframe.*) }
  .gnu_extab      : ONLY_IF_RW { *(.gnu_extab) }
  .gcc_except_table   : ONLY_IF_RW { *(.gcc_except_table .gcc_except_table.*) }
  .exception_ranges   : ONLY_IF_RW { *(.exception_ranges*) }
  /* Thread Local Storage sections  */
  .tdata	  :
   {
     PROVIDE_HIDDEN (__tdata_start = .);
     *(.tdata .tdata.* .gnu.linkonce.td.*)
   }
  .tbss		  : { *(.tbss .tbss.* .gnu.linkonce.tb.*) *(.tcommon) }
  .preinit_array    :
  {
    PROVIDE_HIDDEN (__preinit_array_start = .);
    KEEP (*(.preinit_array))
    PROVIDE_HIDDEN (__preinit_array_end = .);
  }
  .init_array    :
  {
    PROVIDE_HIDDEN (__init_array_start = .);
    KEEP (*(SORT_BY_INIT_PRIORITY(.init_array.*) SORT_BY_INIT_PRIORITY(.ctors.*)))
    KEEP (*(.init_array EXCLUDE_FILE (*crtbegin.o *crtbegin?.o *crtend.o *crtend?.o ) .ctors))
    PROVIDE_HIDDEN (__init_array_end = .);
  }
  .fini_array    :
  {
    PROVIDE_HIDDEN (__fini_array_start = .);
    KEEP (*(SORT_BY_INIT_PRIORITY(.fini_array.*) SORT_BY_INIT_PRIORITY(.dtors.*)))
    KEEP (*(.fini_array EXCLUDE_FILE (*crtbegin.o *crtbegin?.o *crtend.o *crtend?.o ) .dtors))
    PROVIDE_HIDDEN (__fini_array_end = .);
  }
  .ctors          :
  {
    /* gcc uses crtbegin.o to find the start of
       the constructors, so we make sure it is
       first.  Because this is a wildcard, it
       doesn't matter if the user does not
       actually link against crtbegin.o; the
       linker won't look for a file to match a
       wildcard.  The wildcard also means that it
       doesn't matter which directory crtbegin.o
       is in.  */
    KEEP (*crtbegin.o(.ctors))
    KEEP (*crtbegin?.o(.ctors))
    /* We don't want to include the .ctor section from
       the crtend.o file until after the sorted ctors.
       The .ctor section from the crtend file contains the
       end of ctors marker and it must be last */
    KEEP (*(EXCLUDE_FILE (*crtend.o *crtend?.o ) .ctors))
    KEEP (*(SORT(.ctors.*)))
    KEEP (*(.ctors))
  }
  .dtors          :
  {
    KEEP (*crtbegin.o(.dtors))
    KEEP (*crtbegin?.o(.dtors))
    KEEP (*(EXCLUDE_FILE (*crtend.o *crtend?.o ) .dtors))
    KEEP (*(SORT(.dtors.*)))
    KEEP (*(.dtors))
  }
  .jcr            : { KEEP (*(.jcr)) }
  .data.rel.ro : { *(.data.rel.ro.local* .gnu.linkonce.d.rel.ro.local.*) *(.data.rel.ro .data.rel.ro.* .gnu.linkonce.d.rel.ro.*) }
  .dynamic        : { *(.dynamic) }
  .got            : { *(.got) *(.igot) }
  . = DATA_SEGMENT_RELRO_END (24, .);
  .got.plt        : { *(.got.plt) *(.igot.plt) }
  .data           :
  {
    PROVIDE (__data_start = .);
    *(.data .data.* .gnu.linkonce.d.*)
    SORT(CONSTRUCTORS)
  }
  .data1          : { *(.data1) }
  _edata = .; PROVIDE (edata = .);
  . = ALIGN(ALIGNOF(NEXT_SECTION));
  __bss_start = .;
  __bss_start__ = .;
  .bss            :
  {
   *(.dynbss)
   *(.bss .bss.* .gnu.linkonce.b.*)
   *(COMMON)
   /* Align here to ensure that the .bss section occupies space up to
      _end.  Align after .bss to ensure correct alignment even if the
      .bss section disappears because there are no input sections.
      FIXME: Why do we need it? When there is no .bss section, we do not
      pad the .data section.  */
   . = ALIGN(. != 0 ? 64 / 8 : 1);
  }
  _bss_end__ = .; __bss_end__ = .;
  . = ALIGN(64 / 8);
  . = SEGMENT_START("ldata-segment", .);
  . = ALIGN(64 / 8);
  __end__ = .;
  _end = .; PROVIDE (end = .);
  . = DATA_SEGMENT_END (.);
  /* Stabs debugging sections.  */
  .stab          0 : { *(.stab) }
  .stabstr       0 : { *(.stabstr) }
  .stab.excl     0 : { *(.stab.excl) }
  .stab.exclstr  0 : { *(.stab.exclstr) }
  .stab.index    0 : { *(.stab.index) }
  .stab.indexstr 0 : { *(.stab.indexstr) }
  .comment 0 (INFO) : { *(.comment); LINKER_VERSION; }
  .gnu.build.attributes : { *(.gnu.build.attributes .gnu.build.attributes.*) }
  /* DWARF debug sections.
     Symbols in the DWARF debugging sections are relative to the beginning
     of the section so we begin them at 0.  */
  /* DWARF 1.  */
  .debug          0 : { *(.debug) }
  .line           0 : { *(.line) }
  /* GNU DWARF 1 extensions.  */
  .debug_srcinfo  0 : { *(.debug_srcinfo) }
  .debug_sfnames  0 : { *(.debug_sfnames) }
  /* DWARF 1.1 and DWARF 2.  */
  .debug_aranges  0 : { *(.debug_aranges) }
  .debug_pubnames 0 : { *(.debug_pubnames) }
  /* DWARF 2.  */
  .debug_info     0 : { *(.debug_info .gnu.linkonce.wi.*) }
  .debug_abbrev   0 : { *(.debug_abbrev) }
  .debug_line     0 : { *(.debug_line .debug_line.* .debug_line_end) }
  .debug_frame    0 : { *(.debug_frame) }
  .debug_str      0 : { *(.debug_str) }
  .debug_loc      0 : { *(.debug_loc) }
  .debug_macinfo  0 : { *(.debug_macinfo) }
  /* SGI/MIPS DWARF 2 extensions.  */
  .debug_weaknames 0 : { *(.debug_weaknames) }
  .debug_funcnames 0 : { *(.debug_funcnames) }
  .debug_typenames 0 : { *(.debug_typenames) }
  .debug_varnames  0 : { *(.debug_varnames) }
  /* DWARF 3.  */
  .debug_pubtypes 0 : { *(.debug_pubtypes) }
  .debug_ranges   0 : { *(.debug_ranges) }
  /* DWARF 5.  */
  .debug_addr     0 : { *(.debug_addr) }
  .debug_line_str 0 : { *(.debug_line_str) }
  .debug_loclists 0 : { *(.debug_loclists) }
  .debug_macro    0 : { *(.debug_macro) }
  .debug_names    0 : { *(.debug_names) }
  .debug_rnglists 0 : { *(.debug_rnglists) }
  .debug_str_offsets 0 : { *(.debug_str_offsets) }
  .debug_sup      0 : { *(.debug_sup) }
  .ARM.attributes 0 : { KEEP (*(.ARM.attributes)) KEEP (*(.gnu.attributes)) }
  .note.gnu.arm.ident 0 : { KEEP (*(.note.gnu.arm.ident)) }
  /DISCARD/ : { *(.note.GNU-stack) *(.gnu_debuglink) *(.gnu.lto_*) }
}


==================================================
/usr/bin/ld: mode aarch64linux
attempt to open /usr/lib/gcc/aarch64-linux-gnu/13/../../../../aarch64-linux-gnu/lib/../lib/crt1.o succeeded
/usr/lib/gcc/aarch64-linux-gnu/13/../../../../aarch64-linux-gnu/lib/../lib/crt1.o
attempt to open /usr/lib/gcc/aarch64-linux-gnu/13/../../../../aarch64-linux-gnu/lib/../lib/crti.o succeeded
/usr/lib/gcc/aarch64-linux-gnu/13/../../../../aarch64-linux-gnu/lib/../lib/crti.o
attempt to open /usr/lib/gcc/aarch64-linux-gnu/13/crtbeginT.o succeeded
/usr/lib/gcc/aarch64-linux-gnu/13/crtbeginT.o
attempt to open applets/built-in.o succeeded
applets/built-in.o
attempt to open archival/lib.a succeeded
archival/lib.a
attempt to open archival/libarchive/lib.a succeeded
archival/libarchive/lib.a
attempt to open console-tools/lib.a succeeded
console-tools/lib.a
attempt to open coreutils/lib.a succeeded
coreutils/lib.a
attempt to open coreutils/libcoreutils/lib.a succeeded
coreutils/libcoreutils/lib.a
attempt to open debianutils/lib.a succeeded
debianutils/lib.a
attempt to open klibc-utils/lib.a succeeded
klibc-utils/lib.a
attempt to open e2fsprogs/lib.a succeeded
e2fsprogs/lib.a
attempt to open editors/lib.a succeeded
editors/lib.a
attempt to open findutils/lib.a succeeded
findutils/lib.a
attempt to open init/lib.a succeeded
init/lib.a
attempt to open libbb/lib.a succeeded
libbb/lib.a
(libbb/lib.a)appletlib.o
(libbb/lib.a)compare_string_array.o
(libbb/lib.a)default_error_retval.o
(libbb/lib.a)get_last_path_component.o
(libbb/lib.a)last_char_is.o
(libbb/lib.a)messages.o
(libbb/lib.a)ptr_to_globals.o
(libbb/lib.a)xfunc_die.o
(libbb/lib.a)xfuncs.o
(libbb/lib.a)full_write.o
(libbb/lib.a)safe_write.o
attempt to open libpwdgrp/lib.a succeeded
libpwdgrp/lib.a
attempt to open loginutils/lib.a succeeded
loginutils/lib.a
attempt to open mailutils/lib.a succeeded
mailutils/lib.a
attempt to open miscutils/lib.a succeeded
miscutils/lib.a
attempt to open modutils/lib.a succeeded
modutils/lib.a
attempt to open networking/lib.a succeeded
networking/lib.a
attempt to open networking/libiproute/lib.a succeeded
networking/libiproute/lib.a
attempt to open networking/udhcp/lib.a succeeded
networking/udhcp/lib.a
attempt to open printutils/lib.a succeeded
printutils/lib.a
attempt to open procps/lib.a succeeded
procps/lib.a
attempt to open runit/lib.a succeeded
runit/lib.a
attempt to open selinux/lib.a succeeded
selinux/lib.a
attempt to open shell/lib.a succeeded
shell/lib.a
(shell/lib.a)ash.o
(shell/lib.a)ash_ptr_hack.o
(shell/lib.a)shell_common.o
attempt to open sysklogd/lib.a succeeded
sysklogd/lib.a
attempt to open util-linux/lib.a succeeded
util-linux/lib.a
(util-linux/lib.a)mount.o
(util-linux/lib.a)umount.o
attempt to open util-linux/volume_id/lib.a succeeded
util-linux/volume_id/lib.a
attempt to open archival/built-in.o succeeded
archival/built-in.o
attempt to open archival/libarchive/built-in.o succeeded
archival/libarchive/built-in.o
attempt to open console-tools/built-in.o succeeded
console-tools/built-in.o
attempt to open coreutils/built-in.o succeeded
coreutils/built-in.o
attempt to open coreutils/libcoreutils/built-in.o succeeded
coreutils/libcoreutils/built-in.o
attempt to open debianutils/built-in.o succeeded
debianutils/built-in.o
attempt to open klibc-utils/built-in.o succeeded
klibc-utils/built-in.o
attempt to open e2fsprogs/built-in.o succeeded
e2fsprogs/built-in.o
attempt to open editors/built-in.o succeeded
editors/built-in.o
attempt to open findutils/built-in.o succeeded
findutils/built-in.o
attempt to open init/built-in.o succeeded
init/built-in.o
attempt to open libbb/built-in.o succeeded
libbb/built-in.o
attempt to open libpwdgrp/built-in.o succeeded
libpwdgrp/built-in.o
attempt to open loginutils/built-in.o succeeded
loginutils/built-in.o
attempt to open mailutils/built-in.o succeeded
mailutils/built-in.o
attempt to open miscutils/built-in.o succeeded
miscutils/built-in.o
attempt to open modutils/built-in.o succeeded
modutils/built-in.o
attempt to open networking/built-in.o succeeded
networking/built-in.o
attempt to open networking/libiproute/built-in.o succeeded
networking/libiproute/built-in.o
attempt to open networking/udhcp/built-in.o succeeded
networking/udhcp/built-in.o
attempt to open printutils/built-in.o succeeded
printutils/built-in.o
attempt to open procps/built-in.o succeeded
procps/built-in.o
attempt to open runit/built-in.o succeeded
runit/built-in.o
attempt to open selinux/built-in.o succeeded
selinux/built-in.o
attempt to open shell/built-in.o succeeded
shell/built-in.o
attempt to open sysklogd/built-in.o succeeded
sysklogd/built-in.o
attempt to open util-linux/built-in.o succeeded
util-linux/built-in.o
attempt to open util-linux/volume_id/built-in.o succeeded
util-linux/volume_id/built-in.o
archival/lib.a
archival/libarchive/lib.a
console-tools/lib.a
coreutils/lib.a
(coreutils/lib.a)cat.o
(coreutils/lib.a)cp.o
(coreutils/lib.a)echo.o
(coreutils/lib.a)head.o
(coreutils/lib.a)ls.o
(coreutils/lib.a)mkdir.o
(coreutils/lib.a)mv.o
(coreutils/lib.a)printf.o
(coreutils/lib.a)rm.o
(coreutils/lib.a)rmdir.o
(coreutils/lib.a)tail.o
(coreutils/lib.a)test.o
(coreutils/lib.a)test_ptr_hack.o
coreutils/libcoreutils/lib.a
(coreutils/libcoreutils/lib.a)cp_mv_stat.o
debianutils/lib.a
klibc-utils/lib.a
e2fsprogs/lib.a
editors/lib.a
(editors/lib.a)vi.o
findutils/lib.a
(findutils/lib.a)grep.o
init/lib.a
libbb/lib.a
(libbb/lib.a)ask_confirmation.o
(libbb/lib.a)bb_cat.o
(libbb/lib.a)bb_getgroups.o
(libbb/lib.a)bb_strtonum.o
(libbb/lib.a)common_bufsiz.o
(libbb/lib.a)concat_path_file.o
(libbb/lib.a)copy_file.o
(libbb/lib.a)copyfd.o
(libbb/lib.a)endofname.o
(libbb/lib.a)fclose_nonstdin.o
(libbb/lib.a)fflush_stdout_and_exit.o
(libbb/lib.a)find_mount_point.o
(libbb/lib.a)get_line_from_file.o
(libbb/lib.a)getopt32.o
(libbb/lib.a)inode_hash.o
(libbb/lib.a)lineedit.o
(libbb/lib.a)lineedit_ptr_hack.o
(libbb/lib.a)llist.o
(libbb/lib.a)login.o
(libbb/lib.a)make_directory.o
(libbb/lib.a)match_fstype.o
(libbb/lib.a)mode_string.o
(libbb/lib.a)parse_mode.o
(libbb/lib.a)perror_msg.o
(libbb/lib.a)perror_nomsg_and_die.o
(libbb/lib.a)printable_string.o
(libbb/lib.a)process_escape_sequence.o
(libbb/lib.a)read.o
(libbb/lib.a)read_key.o
(libbb/lib.a)read_printf.o
(libbb/lib.a)recursive_action.o
(libbb/lib.a)remove_file.o
(libbb/lib.a)safe_gethostname.o
(libbb/lib.a)safe_poll.o
(libbb/lib.a)safe_strncpy.o
(libbb/lib.a)signals.o
(libbb/lib.a)simplify_path.o
(libbb/lib.a)skip_whitespace.o
(libbb/lib.a)sysconf.o
(libbb/lib.a)time.o
(libbb/lib.a)u_signal_names.o
(libbb/lib.a)verror_msg.o
(libbb/lib.a)wfopen.o
(libbb/lib.a)wfopen_input.o
(libbb/lib.a)xatonum.o
(libbb/lib.a)xconnect.o
(libbb/lib.a)xfuncs_printf.o
(libbb/lib.a)xgetcwd.o
(libbb/lib.a)xreadlink.o
(libbb/lib.a)xregcomp.o
(libbb/lib.a)auto_string.o
(libbb/lib.a)concat_subpath_file.o
libpwdgrp/lib.a
loginutils/lib.a
mailutils/lib.a
miscutils/lib.a
modutils/lib.a
networking/lib.a
networking/libiproute/lib.a
networking/udhcp/lib.a
printutils/lib.a
procps/lib.a
runit/lib.a
selinux/lib.a
shell/lib.a
sysklogd/lib.a
util-linux/lib.a
util-linux/volume_id/lib.a
archival/built-in.o
archival/libarchive/built-in.o
console-tools/built-in.o
coreutils/built-in.o
coreutils/libcoreutils/built-in.o
debianutils/built-in.o
klibc-utils/built-in.o
e2fsprogs/built-in.o
editors/built-in.o
findutils/built-in.o
init/built-in.o
libbb/built-in.o
libpwdgrp/built-in.o
loginutils/built-in.o
mailutils/built-in.o
miscutils/built-in.o
modutils/built-in.o
networking/built-in.o
networking/libiproute/built-in.o
networking/udhcp/built-in.o
printutils/built-in.o
procps/built-in.o
runit/built-in.o
selinux/built-in.o
shell/built-in.o
sysklogd/built-in.o
util-linux/built-in.o
util-linux/volume_id/built-in.o
archival/lib.a
archival/libarchive/lib.a
console-tools/lib.a
coreutils/lib.a
coreutils/libcoreutils/lib.a
debianutils/lib.a
klibc-utils/lib.a
e2fsprogs/lib.a
editors/lib.a
findutils/lib.a
init/lib.a
libbb/lib.a
libpwdgrp/lib.a
loginutils/lib.a
mailutils/lib.a
miscutils/lib.a
modutils/lib.a
networking/lib.a
networking/libiproute/lib.a
networking/udhcp/lib.a
printutils/lib.a
procps/lib.a
runit/lib.a
selinux/lib.a
shell/lib.a
sysklogd/lib.a
util-linux/lib.a
util-linux/volume_id/lib.a
archival/built-in.o
archival/libarchive/built-in.o
console-tools/built-in.o
coreutils/built-in.o
coreutils/libcoreutils/built-in.o
debianutils/built-in.o
klibc-utils/built-in.o
e2fsprogs/built-in.o
editors/built-in.o
findutils/built-in.o
init/built-in.o
libbb/built-in.o
libpwdgrp/built-in.o
loginutils/built-in.o
mailutils/built-in.o
miscutils/built-in.o
modutils/built-in.o
networking/built-in.o
networking/libiproute/built-in.o
networking/udhcp/built-in.o
printutils/built-in.o
procps/built-in.o
runit/built-in.o
selinux/built-in.o
shell/built-in.o
sysklogd/built-in.o
util-linux/built-in.o
util-linux/volume_id/built-in.o
attempt to open /usr/lib/gcc/aarch64-linux-gnu/13/libgcc.a succeeded
/usr/lib/gcc/aarch64-linux-gnu/13/libgcc.a
attempt to open /usr/lib/gcc/aarch64-linux-gnu/13/libgcc_eh.a succeeded
/usr/lib/gcc/aarch64-linux-gnu/13/libgcc_eh.a
attempt to open /usr/lib/gcc/aarch64-linux-gnu/13/libc.a failed
attempt to open /usr/lib/gcc/aarch64-linux-gnu/13/../../../../aarch64-linux-gnu/lib/../lib/libc.a succeeded
/usr/lib/gcc/aarch64-linux-gnu/13/../../../../aarch64-linux-gnu/lib/../lib/libc.a
(/usr/lib/gcc/aarch64-linux-gnu/13/../../../../aarch64-linux-gnu/lib/../lib/libc.a)libc-start.o
(/usr/lib/gcc/aarch64-linux-gnu/13/../../../../aarch64-linux-gnu/lib/../lib/libc.a)check_fds.o
(/usr/lib/gcc/aarch64-linux-gnu/13/../../../../aarch64-linux-gnu/lib/../lib/libc.a)libc-tls.o
(/usr/lib/gcc/aarch64-linux-gnu/13/../../../../aarch64-linux-gnu/lib/../lib/libc.a)errno.o
(/usr/lib/gcc/aarch64-linux-gnu/13/../../../../aarch64-linux-gnu/lib/../lib/libc.a)errno-loc.o
(/usr/lib/gcc/aarch64-linux-gnu/13/../../../../aarch64-linux-gnu/lib/../lib/libc.a)setjmp.o
(/usr/lib/gcc/aarch64-linux-gnu/13/../../../../aarch64-linux-gnu/lib/../lib/libc.a)sigjmp.o
(/usr/lib/gcc/aarch64-linux-gnu/13/../../../../aarch64-linux-gnu/lib/../lib/libc.a)signal.o
(/usr/lib/gcc/aarch64-linux-gnu/13/../../../../aarch64-linux-gnu/lib/../lib/libc.a)raise.o
(/usr/lib/gcc/aarch64-linux-gnu/13/../../../../aarch64-linux-gnu/lib/../lib/libc.a)sigaction.o
(/usr/lib/gcc/aarch64-linux-gnu/13/../../../../aarch64-linux-gnu/lib/../lib/libc.a)libc_sigaction.o
(/usr/lib/gcc/aarch64-linux-gnu/13/../../../../aarch64-linux-gnu/lib/../lib/libc.a)sigprocmask.o
(/usr/lib/gcc/aarch64-linux-gnu/13/../../../../aarch64-linux-gnu/lib/../lib/libc.a)sigsuspend.o
(/usr/lib/gcc/aarch64-linux-gnu/13/../../../../aarch64-linux-gnu/lib/../lib/libc.a)sigempty.o
(/usr/lib/gcc/aarch64-linux-gnu/13/../../../../aarch64-linux-gnu/lib/../lib/libc.a)sigfillset.o
(/usr/lib/gcc/aarch64-linux-gnu/13/../../../../aarch64-linux-gnu/lib/../lib/libc.a)sigaddset.o
(/usr/lib/gcc/aarch64-linux-gnu/13/../../../../aarch64-linux-gnu/lib/../lib/libc.a)abort.o
(/usr/lib/gcc/aarch64-linux-gnu/13/../../../../aarch64-linux-gnu/lib/../lib/libc.a)atoi.o
(/usr/lib/gcc/aarch64-linux-gnu/13/../../../../aarch64-linux-gnu/lib/../lib/libc.a)bsearch.o
(/usr/lib/gcc/aarch64-linux-gnu/13/../../../../aarch64-linux-gnu/lib/../lib/libc.a)canonicalize.o
(/usr/lib/gcc/aarch64-linux-gnu/13/../../../../aarch64-linux-gnu/lib/../lib/libc.a)cxa_atexit.o
(/usr/lib/gcc/aarch64-linux-gnu/13/../../../../aarch64-linux-gnu/lib/../lib/libc.a)exit.o
(/usr/lib/gcc/aarch64-linux-gnu/13/../../../../aarch64-linux-gnu/lib/../lib/libc.a)getenv.o
(/usr/lib/gcc/aarch64-linux-gnu/13/../../../../aarch64-linux-gnu/lib/../lib/libc.a)putenv.o
(/usr/lib/gcc/aarch64-linux-gnu/13/../../../../aarch64-linux-gnu/lib/../lib/libc.a)qsort.o
(/usr/lib/gcc/aarch64-linux-gnu/13/../../../../aarch64-linux-gnu/lib/../lib/libc.a)rand.o
(/usr/lib/gcc/aarch64-linux-gnu/13/../../../../aarch64-linux-gnu/lib/../lib/libc.a)random.o
(/usr/lib/gcc/aarch64-linux-gnu/13/../../../../aarch64-linux-gnu/lib/../lib/libc.a)random_r.o
(/usr/lib/gcc/aarch64-linux-gnu/13/../../../../aarch64-linux-gnu/lib/../lib/libc.a)setenv.o
(/usr/lib/gcc/aarch64-linux-gnu/13/../../../../aarch64-linux-gnu/lib/../lib/libc.a)strtod.o
(/usr/lib/gcc/aarch64-linux-gnu/13/../../../../aarch64-linux-gnu/lib/../lib/libc.a)strtod_l.o
(/usr/lib/gcc/aarch64-linux-gnu/13/../../../../aarch64-linux-gnu/lib/../lib/libc.a)strtod_nan.o
(/usr/lib/gcc/aarch64-linux-gnu/13/../../../../aarch64-linux-gnu/lib/../lib/libc.a)strtol.o
(/usr/lib/gcc/aarch64-linux-gnu/13/../../../../aarch64-linux-gnu/lib/../lib/libc.a)strtol_l.o
(/usr/lib/gcc/aarch64-linux-gnu/13/../../../../aarch64-linux-gnu/lib/../lib/libc.a)strtoul.o
(/usr/lib/gcc/aarch64-linux-gnu/13/../../../../aarch64-linux-gnu/lib/../lib/libc.a)strtoul_l.o
(/usr/lib/gcc/aarch64-linux-gnu/13/../../../../aarch64-linux-gnu/lib/../lib/libc.a)add_n.o
(/usr/lib/gcc/aarch64-linux-gnu/13/../../../../aarch64-linux-gnu/lib/../lib/libc.a)cmp.o
(/usr/lib/gcc/aarch64-linux-gnu/13/../../../../aarch64-linux-gnu/lib/../lib/libc.a)lshift.o
(/usr/lib/gcc/aarch64-linux-gnu/13/../../../../aarch64-linux-gnu/lib/../lib/libc.a)mul.o
(/usr/lib/gcc/aarch64-linux-gnu/13/../../../../aarch64-linux-gnu/lib/../lib/libc.a)mul_1.o
(/usr/lib/gcc/aarch64-linux-gnu/13/../../../../aarch64-linux-gnu/lib/../lib/libc.a)mul_n.o
(/usr/lib/gcc/aarch64-linux-gnu/13/../../../../aarch64-linux-gnu/lib/../lib/libc.a)rshift.o
(/usr/lib/gcc/aarch64-linux-gnu/13/../../../../aarch64-linux-gnu/lib/../lib/libc.a)sub_n.o
(/usr/lib/gcc/aarch64-linux-gnu/13/../../../../aarch64-linux-gnu/lib/../lib/libc.a)submul_1.o
(/usr/lib/gcc/aarch64-linux-gnu/13/../../../../aarch64-linux-gnu/lib/../lib/libc.a)mpn2dbl.o
(/usr/lib/gcc/aarch64-linux-gnu/13/../../../../aarch64-linux-gnu/lib/../lib/libc.a)grouping.o
(/usr/lib/gcc/aarch64-linux-gnu/13/../../../../aarch64-linux-gnu/lib/../lib/libc.a)tens_in_limb.o
(/usr/lib/gcc/aarch64-linux-gnu/13/../../../../aarch64-linux-gnu/lib/../lib/libc.a)fpioconst.o
(/usr/lib/gcc/aarch64-linux-gnu/13/../../../../aarch64-linux-gnu/lib/../lib/libc.a)isoc23_sscanf.o
(/usr/lib/gcc/aarch64-linux-gnu/13/../../../../aarch64-linux-gnu/lib/../lib/libc.a)rename.o
(/usr/lib/gcc/aarch64-linux-gnu/13/../../../../aarch64-linux-gnu/lib/../lib/libc.a)vfscanf-internal.o
(/usr/lib/gcc/aarch64-linux-gnu/13/../../../../aarch64-linux-gnu/lib/../lib/libc.a)iofclose.o
(/usr/lib/gcc/aarch64-linux-gnu/13/../../../../aarch64-linux-gnu/lib/../lib/libc.a)iofdopen.o
(/usr/lib/gcc/aarch64-linux-gnu/13/../../../../aarch64-linux-gnu/lib/../lib/libc.a)iofflush.o
(/usr/lib/gcc/aarch64-linux-gnu/13/../../../../aarch64-linux-gnu/lib/../lib/libc.a)iofopen.o
(/usr/lib/gcc/aarch64-linux-gnu/13/../../../../aarch64-linux-gnu/lib/../lib/libc.a)iofwrite.o
(/usr/lib/gcc/aarch64-linux-gnu/13/../../../../aarch64-linux-gnu/lib/../lib/libc.a)ioputs.o
(/usr/lib/gcc/aarch64-linux-gnu/13/../../../../aarch64-linux-gnu/lib/../lib/libc.a)putchar_u.o
(/usr/lib/gcc/aarch64-linux-gnu/13/../../../../aarch64-linux-gnu/lib/../lib/libc.a)clearerr.o
(/usr/lib/gcc/aarch64-linux-gnu/13/../../../../aarch64-linux-gnu/lib/../lib/libc.a)fileno.o
(/usr/lib/gcc/aarch64-linux-gnu/13/../../../../aarch64-linux-gnu/lib/../lib/libc.a)libc_fatal.o
(/usr/lib/gcc/aarch64-linux-gnu/13/../../../../aarch64-linux-gnu/lib/../lib/libc.a)vtables.o
(/usr/lib/gcc/aarch64-linux-gnu/13/../../../../aarch64-linux-gnu/lib/../lib/libc.a)ferror_u.o
(/usr/lib/gcc/aarch64-linux-gnu/13/../../../../aarch64-linux-gnu/lib/../lib/libc.a)getc_u.o
(/usr/lib/gcc/aarch64-linux-gnu/13/../../../../aarch64-linux-gnu/lib/../lib/libc.a)putc_u.o
(/usr/lib/gcc/aarch64-linux-gnu/13/../../../../aarch64-linux-gnu/lib/../lib/libc.a)iofgets_u.o
(/usr/lib/gcc/aarch64-linux-gnu/13/../../../../aarch64-linux-gnu/lib/../lib/libc.a)iofputs_u.o
(/usr/lib/gcc/aarch64-linux-gnu/13/../../../../aarch64-linux-gnu/lib/../lib/libc.a)fileops.o
(/usr/lib/gcc/aarch64-linux-gnu/13/../../../../aarch64-linux-gnu/lib/../lib/libc.a)genops.o
(/usr/lib/gcc/aarch64-linux-gnu/13/../../../../aarch64-linux-gnu/lib/../lib/libc.a)stdfiles.o
(/usr/lib/gcc/aarch64-linux-gnu/13/../../../../aarch64-linux-gnu/lib/../lib/libc.a)stdio.o
(/usr/lib/gcc/aarch64-linux-gnu/13/../../../../aarch64-linux-gnu/lib/../lib/libc.a)strops.o
(/usr/lib/gcc/aarch64-linux-gnu/13/../../../../aarch64-linux-gnu/lib/../lib/libc.a)alloca_cutoff.o
(/usr/lib/gcc/aarch64-linux-gnu/13/../../../../aarch64-linux-gnu/lib/../lib/libc.a)cancellation.o
(/usr/lib/gcc/aarch64-linux-gnu/13/../../../../aarch64-linux-gnu/lib/../lib/libc.a)libc-cleanup.o
(/usr/lib/gcc/aarch64-linux-gnu/13/../../../../aarch64-linux-gnu/lib/../lib/libc.a)lowlevellock.o
(/usr/lib/gcc/aarch64-linux-gnu/13/../../../../aarch64-linux-gnu/lib/../lib/libc.a)nptl_deallocate_tsd.o
(/usr/lib/gcc/aarch64-linux-gnu/13/../../../../aarch64-linux-gnu/lib/../lib/libc.a)nptl_nthreads.o
(/usr/lib/gcc/aarch64-linux-gnu/13/../../../../aarch64-linux-gnu/lib/../lib/libc.a)pthread_keys.o
(/usr/lib/gcc/aarch64-linux-gnu/13/../../../../aarch64-linux-gnu/lib/../lib/libc.a)pthread_kill.o
(/usr/lib/gcc/aarch64-linux-gnu/13/../../../../aarch64-linux-gnu/lib/../lib/libc.a)pthread_self.o
(/usr/lib/gcc/aarch64-linux-gnu/13/../../../../aarch64-linux-gnu/lib/../lib/libc.a)pthread_sigmask.o
(/usr/lib/gcc/aarch64-linux-gnu/13/../../../../aarch64-linux-gnu/lib/../lib/libc.a)malloc.o
(/usr/lib/gcc/aarch64-linux-gnu/13/../../../../aarch64-linux-gnu/lib/../lib/libc.a)scratch_buffer_grow.o
(/usr/lib/gcc/aarch64-linux-gnu/13/../../../../aarch64-linux-gnu/lib/../lib/libc.a)scratch_buffer_grow_preserve.o
(/usr/lib/gcc/aarch64-linux-gnu/13/../../../../aarch64-linux-gnu/lib/../lib/libc.a)scratch_buffer_set_array_size.o
(/usr/lib/gcc/aarch64-linux-gnu/13/../../../../aarch64-linux-gnu/lib/../lib/libc.a)memchr.o
(/usr/lib/gcc/aarch64-linux-gnu/13/../../../../aarch64-linux-gnu/lib/../lib/libc.a)memcmp.o
(/usr/lib/gcc/aarch64-linux-gnu/13/../../../../aarch64-linux-gnu/lib/../lib/libc.a)memcpy.o
(/usr/lib/gcc/aarch64-linux-gnu/13/../../../../aarch64-linux-gnu/lib/../lib/libc.a)memmove.o
(/usr/lib/gcc/aarch64-linux-gnu/13/../../../../aarch64-linux-gnu/lib/../lib/libc.a)memrchr.o
(/usr/lib/gcc/aarch64-linux-gnu/13/../../../../aarch64-linux-gnu/lib/../lib/libc.a)memset.o
(/usr/lib/gcc/aarch64-linux-gnu/13/../../../../aarch64-linux-gnu/lib/../lib/libc.a)stpcpy.o
(/usr/lib/gcc/aarch64-linux-gnu/13/../../../../aarch64-linux-gnu/lib/../lib/libc.a)stpncpy.o
(/usr/lib/gcc/aarch64-linux-gnu/13/../../../../aarch64-linux-gnu/lib/../lib/libc.a)strcasecmp.o
(/usr/lib/gcc/aarch64-linux-gnu/13/../../../../aarch64-linux-gnu/lib/../lib/libc.a)strcasestr.o
(/usr/lib/gcc/aarch64-linux-gnu/13/../../../../aarch64-linux-gnu/lib/../lib/libc.a)strchr.o
(/usr/lib/gcc/aarch64-linux-gnu/13/../../../../aarch64-linux-gnu/lib/../lib/libc.a)strchrnul.o
(/usr/lib/gcc/aarch64-linux-gnu/13/../../../../aarch64-linux-gnu/lib/../lib/libc.a)strcmp.o
(/usr/lib/gcc/aarch64-linux-gnu/13/../../../../aarch64-linux-gnu/lib/../lib/libc.a)strcpy.o
(/usr/lib/gcc/aarch64-linux-gnu/13/../../../../aarch64-linux-gnu/lib/../lib/libc.a)strcspn.o
(/usr/lib/gcc/aarch64-linux-gnu/13/../../../../aarch64-linux-gnu/lib/../lib/libc.a)strdup.o
(/usr/lib/gcc/aarch64-linux-gnu/13/../../../../aarch64-linux-gnu/lib/../lib/libc.a)strerror.o
(/usr/lib/gcc/aarch64-linux-gnu/13/../../../../aarch64-linux-gnu/lib/../lib/libc.a)strerror_l.o
(/usr/lib/gcc/aarch64-linux-gnu/13/../../../../aarch64-linux-gnu/lib/../lib/libc.a)strlen.o
(/usr/lib/gcc/aarch64-linux-gnu/13/../../../../aarch64-linux-gnu/lib/../lib/libc.a)strncase.o
(/usr/lib/gcc/aarch64-linux-gnu/13/../../../../aarch64-linux-gnu/lib/../lib/libc.a)strncase_l.o
(/usr/lib/gcc/aarch64-linux-gnu/13/../../../../aarch64-linux-gnu/lib/../lib/libc.a)strncmp.o
(/usr/lib/gcc/aarch64-linux-gnu/13/../../../../aarch64-linux-gnu/lib/../lib/libc.a)strncpy.o
(/usr/lib/gcc/aarch64-linux-gnu/13/../../../../aarch64-linux-gnu/lib/../lib/libc.a)strndup.o
(/usr/lib/gcc/aarch64-linux-gnu/13/../../../../aarch64-linux-gnu/lib/../lib/libc.a)strnlen.o
(/usr/lib/gcc/aarch64-linux-gnu/13/../../../../aarch64-linux-gnu/lib/../lib/libc.a)strpbrk.o
(/usr/lib/gcc/aarch64-linux-gnu/13/../../../../aarch64-linux-gnu/lib/../lib/libc.a)strrchr.o
(/usr/lib/gcc/aarch64-linux-gnu/13/../../../../aarch64-linux-gnu/lib/../lib/libc.a)strsep.o
(/usr/lib/gcc/aarch64-linux-gnu/13/../../../../aarch64-linux-gnu/lib/../lib/libc.a)strsignal.o
(/usr/lib/gcc/aarch64-linux-gnu/13/../../../../aarch64-linux-gnu/lib/../lib/libc.a)strstr.o
(/usr/lib/gcc/aarch64-linux-gnu/13/../../../../aarch64-linux-gnu/lib/../lib/libc.a)strtok_r.o
(/usr/lib/gcc/aarch64-linux-gnu/13/../../../../aarch64-linux-gnu/lib/../lib/libc.a)memchr_generic.o
(/usr/lib/gcc/aarch64-linux-gnu/13/../../../../aarch64-linux-gnu/lib/../lib/libc.a)memchr_nosimd.o
(/usr/lib/gcc/aarch64-linux-gnu/13/../../../../aarch64-linux-gnu/lib/../lib/libc.a)memcpy_a64fx.o
(/usr/lib/gcc/aarch64-linux-gnu/13/../../../../aarch64-linux-gnu/lib/../lib/libc.a)memcpy_generic.o
(/usr/lib/gcc/aarch64-linux-gnu/13/../../../../aarch64-linux-gnu/lib/../lib/libc.a)memcpy_mops.o
(/usr/lib/gcc/aarch64-linux-gnu/13/../../../../aarch64-linux-gnu/lib/../lib/libc.a)memcpy_sve.o
(/usr/lib/gcc/aarch64-linux-gnu/13/../../../../aarch64-linux-gnu/lib/../lib/libc.a)memcpy_thunderx.o
(/usr/lib/gcc/aarch64-linux-gnu/13/../../../../aarch64-linux-gnu/lib/../lib/libc.a)memcpy_thunderx2.o
(/usr/lib/gcc/aarch64-linux-gnu/13/../../../../aarch64-linux-gnu/lib/../lib/libc.a)memmove_mops.o
(/usr/lib/gcc/aarch64-linux-gnu/13/../../../../aarch64-linux-gnu/lib/../lib/libc.a)memset_a64fx.o
(/usr/lib/gcc/aarch64-linux-gnu/13/../../../../aarch64-linux-gnu/lib/../lib/libc.a)memset_emag.o
(/usr/lib/gcc/aarch64-linux-gnu/13/../../../../aarch64-linux-gnu/lib/../lib/libc.a)memset_generic.o
(/usr/lib/gcc/aarch64-linux-gnu/13/../../../../aarch64-linux-gnu/lib/../lib/libc.a)memset_kunpeng.o
(/usr/lib/gcc/aarch64-linux-gnu/13/../../../../aarch64-linux-gnu/lib/../lib/libc.a)memset_mops.o
(/usr/lib/gcc/aarch64-linux-gnu/13/../../../../aarch64-linux-gnu/lib/../lib/libc.a)memset_zva64.o
(/usr/lib/gcc/aarch64-linux-gnu/13/../../../../aarch64-linux-gnu/lib/../lib/libc.a)strlen_asimd.o
(/usr/lib/gcc/aarch64-linux-gnu/13/../../../../aarch64-linux-gnu/lib/../lib/libc.a)strlen_generic.o
(/usr/lib/gcc/aarch64-linux-gnu/13/../../../../aarch64-linux-gnu/lib/../lib/libc.a)mbrlen.o
(/usr/lib/gcc/aarch64-linux-gnu/13/../../../../aarch64-linux-gnu/lib/../lib/libc.a)mbrtowc.o
(/usr/lib/gcc/aarch64-linux-gnu/13/../../../../aarch64-linux-gnu/lib/../lib/libc.a)wcrtomb.o
(/usr/lib/gcc/aarch64-linux-gnu/13/../../../../aarch64-linux-gnu/lib/../lib/libc.a)wcsmbsload.o
(/usr/lib/gcc/aarch64-linux-gnu/13/../../../../aarch64-linux-gnu/lib/../lib/libc.a)localtime.o
(/usr/lib/gcc/aarch64-linux-gnu/13/../../../../aarch64-linux-gnu/lib/../lib/libc.a)mktime.o
(/usr/lib/gcc/aarch64-linux-gnu/13/../../../../aarch64-linux-gnu/lib/../lib/libc.a)time.o
(/usr/lib/gcc/aarch64-linux-gnu/13/../../../../aarch64-linux-gnu/lib/../lib/libc.a)gettimeofday.o
(/usr/lib/gcc/aarch64-linux-gnu/13/../../../../aarch64-linux-gnu/lib/../lib/libc.a)settimeofday.o
(/usr/lib/gcc/aarch64-linux-gnu/13/../../../../aarch64-linux-gnu/lib/../lib/libc.a)settimezone.o
(/usr/lib/gcc/aarch64-linux-gnu/13/../../../../aarch64-linux-gnu/lib/../lib/libc.a)tzset.o
(/usr/lib/gcc/aarch64-linux-gnu/13/../../../../aarch64-linux-gnu/lib/../lib/libc.a)tzfile.o
(/usr/lib/gcc/aarch64-linux-gnu/13/../../../../aarch64-linux-gnu/lib/../lib/libc.a)strftime.o
(/usr/lib/gcc/aarch64-linux-gnu/13/../../../../aarch64-linux-gnu/lib/../lib/libc.a)strftime_l.o
(/usr/lib/gcc/aarch64-linux-gnu/13/../../../../aarch64-linux-gnu/lib/../lib/libc.a)clock_gettime.o
(/usr/lib/gcc/aarch64-linux-gnu/13/../../../../aarch64-linux-gnu/lib/../lib/libc.a)clock_settime.o
(/usr/lib/gcc/aarch64-linux-gnu/13/../../../../aarch64-linux-gnu/lib/../lib/libc.a)era.o
(/usr/lib/gcc/aarch64-linux-gnu/13/../../../../aarch64-linux-gnu/lib/../lib/libc.a)alt_digit.o
(/usr/lib/gcc/aarch64-linux-gnu/13/../../../../aarch64-linux-gnu/lib/../lib/libc.a)opendir.o
(/usr/lib/gcc/aarch64-linux-gnu/13/../../../../aarch64-linux-gnu/lib/../lib/libc.a)closedir.o
(/usr/lib/gcc/aarch64-linux-gnu/13/../../../../aarch64-linux-gnu/lib/../lib/libc.a)readdir64.o
(/usr/lib/gcc/aarch64-linux-gnu/13/../../../../aarch64-linux-gnu/lib/../lib/libc.a)_exit.o
(/usr/lib/gcc/aarch64-linux-gnu/13/../../../../aarch64-linux-gnu/lib/../lib/libc.a)execve.o
(/usr/lib/gcc/aarch64-linux-gnu/13/../../../../aarch64-linux-gnu/lib/../lib/libc.a)fnmatch.o
(/usr/lib/gcc/aarch64-linux-gnu/13/../../../../aarch64-linux-gnu/lib/../lib/libc.a)fork.o
(/usr/lib/gcc/aarch64-linux-gnu/13/../../../../aarch64-linux-gnu/lib/../lib/libc.a)getegid.o
(/usr/lib/gcc/aarch64-linux-gnu/13/../../../../aarch64-linux-gnu/lib/../lib/libc.a)geteuid.o
(/usr/lib/gcc/aarch64-linux-gnu/13/../../../../aarch64-linux-gnu/lib/../lib/libc.a)getgid.o
(/usr/lib/gcc/aarch64-linux-gnu/13/../../../../aarch64-linux-gnu/lib/../lib/libc.a)getgroups.o
(/usr/lib/gcc/aarch64-linux-gnu/13/../../../../aarch64-linux-gnu/lib/../lib/libc.a)getopt.o
(/usr/lib/gcc/aarch64-linux-gnu/13/../../../../aarch64-linux-gnu/lib/../lib/libc.a)getopt1.o
(/usr/lib/gcc/aarch64-linux-gnu/13/../../../../aarch64-linux-gnu/lib/../lib/libc.a)getpid.o
(/usr/lib/gcc/aarch64-linux-gnu/13/../../../../aarch64-linux-gnu/lib/../lib/libc.a)getppid.o
(/usr/lib/gcc/aarch64-linux-gnu/13/../../../../aarch64-linux-gnu/lib/../lib/libc.a)getuid.o
(/usr/lib/gcc/aarch64-linux-gnu/13/../../../../aarch64-linux-gnu/lib/../lib/libc.a)glob.o
(/usr/lib/gcc/aarch64-linux-gnu/13/../../../../aarch64-linux-gnu/lib/../lib/libc.a)globfree.o
(/usr/lib/gcc/aarch64-linux-gnu/13/../../../../aarch64-linux-gnu/lib/../lib/libc.a)regex.o
(/usr/lib/gcc/aarch64-linux-gnu/13/../../../../aarch64-linux-gnu/lib/../lib/libc.a)register-atfork.o
(/usr/lib/gcc/aarch64-linux-gnu/13/../../../../aarch64-linux-gnu/lib/../lib/libc.a)setgid.o
(/usr/lib/gcc/aarch64-linux-gnu/13/../../../../aarch64-linux-gnu/lib/../lib/libc.a)setuid.o
(/usr/lib/gcc/aarch64-linux-gnu/13/../../../../aarch64-linux-gnu/lib/../lib/libc.a)sleep.o
(/usr/lib/gcc/aarch64-linux-gnu/13/../../../../aarch64-linux-gnu/lib/../lib/libc.a)sysconf.o
(/usr/lib/gcc/aarch64-linux-gnu/13/../../../../aarch64-linux-gnu/lib/../lib/libc.a)times.o
(/usr/lib/gcc/aarch64-linux-gnu/13/../../../../aarch64-linux-gnu/lib/../lib/libc.a)uname.o
(/usr/lib/gcc/aarch64-linux-gnu/13/../../../../aarch64-linux-gnu/lib/../lib/libc.a)vfork.o
(/usr/lib/gcc/aarch64-linux-gnu/13/../../../../aarch64-linux-gnu/lib/../lib/libc.a)waitpid.o
(/usr/lib/gcc/aarch64-linux-gnu/13/../../../../aarch64-linux-gnu/lib/../lib/libc.a)environ.o
(/usr/lib/gcc/aarch64-linux-gnu/13/../../../../aarch64-linux-gnu/lib/../lib/libc.a)access.o
(/usr/lib/gcc/aarch64-linux-gnu/13/../../../../aarch64-linux-gnu/lib/../lib/libc.a)chdir.o
(/usr/lib/gcc/aarch64-linux-gnu/13/../../../../aarch64-linux-gnu/lib/../lib/libc.a)chmod.o
(/usr/lib/gcc/aarch64-linux-gnu/13/../../../../aarch64-linux-gnu/lib/../lib/libc.a)chown.o
(/usr/lib/gcc/aarch64-linux-gnu/13/../../../../aarch64-linux-gnu/lib/../lib/libc.a)close.o
(/usr/lib/gcc/aarch64-linux-gnu/13/../../../../aarch64-linux-gnu/lib/../lib/libc.a)dup2.o
(/usr/lib/gcc/aarch64-linux-gnu/13/../../../../aarch64-linux-gnu/lib/../lib/libc.a)faccessat.o
(/usr/lib/gcc/aarch64-linux-gnu/13/../../../../aarch64-linux-gnu/lib/../lib/libc.a)fchdir.o
(/usr/lib/gcc/aarch64-linux-gnu/13/../../../../aarch64-linux-gnu/lib/../lib/libc.a)fcntl64.o
(/usr/lib/gcc/aarch64-linux-gnu/13/../../../../aarch64-linux-gnu/lib/../lib/libc.a)fstat64.o
(/usr/lib/gcc/aarch64-linux-gnu/13/../../../../aarch64-linux-gnu/lib/../lib/libc.a)fstatat64.o
(/usr/lib/gcc/aarch64-linux-gnu/13/../../../../aarch64-linux-gnu/lib/../lib/libc.a)getcwd.o
(/usr/lib/gcc/aarch64-linux-gnu/13/../../../../aarch64-linux-gnu/lib/../lib/libc.a)isatty.o
(/usr/lib/gcc/aarch64-linux-gnu/13/../../../../aarch64-linux-gnu/lib/../lib/libc.a)lchown.o
(/usr/lib/gcc/aarch64-linux-gnu/13/../../../../aarch64-linux-gnu/lib/../lib/libc.a)link.o
(/usr/lib/gcc/aarch64-linux-gnu/13/../../../../aarch64-linux-gnu/lib/../lib/libc.a)lseek64.o
(/usr/lib/gcc/aarch64-linux-gnu/13/../../../../aarch64-linux-gnu/lib/../lib/libc.a)lstat64.o
(/usr/lib/gcc/aarch64-linux-gnu/13/../../../../aarch64-linux-gnu/lib/../lib/libc.a)mkdir.o
(/usr/lib/gcc/aarch64-linux-gnu/13/../../../../aarch64-linux-gnu/lib/../lib/libc.a)mknod.o
(/usr/lib/gcc/aarch64-linux-gnu/13/../../../../aarch64-linux-gnu/lib/../lib/libc.a)mknodat.o
(/usr/lib/gcc/aarch64-linux-gnu/13/../../../../aarch64-linux-gnu/lib/../lib/libc.a)open64.o
(/usr/lib/gcc/aarch64-linux-gnu/13/../../../../aarch64-linux-gnu/lib/../lib/libc.a)openat64.o
(/usr/lib/gcc/aarch64-linux-gnu/13/../../../../aarch64-linux-gnu/lib/../lib/libc.a)pipe.o
(/usr/lib/gcc/aarch64-linux-gnu/13/../../../../aarch64-linux-gnu/lib/../lib/libc.a)poll.o
(/usr/lib/gcc/aarch64-linux-gnu/13/../../../../aarch64-linux-gnu/lib/../lib/libc.a)read.o
(/usr/lib/gcc/aarch64-linux-gnu/13/../../../../aarch64-linux-gnu/lib/../lib/libc.a)readlink.o
(/usr/lib/gcc/aarch64-linux-gnu/13/../../../../aarch64-linux-gnu/lib/../lib/libc.a)rmdir.o
(/usr/lib/gcc/aarch64-linux-gnu/13/../../../../aarch64-linux-gnu/lib/../lib/libc.a)stat64.o
(/usr/lib/gcc/aarch64-linux-gnu/13/../../../../aarch64-linux-gnu/lib/../lib/libc.a)symlink.o
(/usr/lib/gcc/aarch64-linux-gnu/13/../../../../aarch64-linux-gnu/lib/../lib/libc.a)ttyname_r.o
(/usr/lib/gcc/aarch64-linux-gnu/13/../../../../aarch64-linux-gnu/lib/../lib/libc.a)umask.o
(/usr/lib/gcc/aarch64-linux-gnu/13/../../../../aarch64-linux-gnu/lib/../lib/libc.a)unlink.o
(/usr/lib/gcc/aarch64-linux-gnu/13/../../../../aarch64-linux-gnu/lib/../lib/libc.a)write.o
(/usr/lib/gcc/aarch64-linux-gnu/13/../../../../aarch64-linux-gnu/lib/../lib/libc.a)close_nocancel.o
(/usr/lib/gcc/aarch64-linux-gnu/13/../../../../aarch64-linux-gnu/lib/../lib/libc.a)fcntl_nocancel.o
(/usr/lib/gcc/aarch64-linux-gnu/13/../../../../aarch64-linux-gnu/lib/../lib/libc.a)open64_nocancel.o
(/usr/lib/gcc/aarch64-linux-gnu/13/../../../../aarch64-linux-gnu/lib/../lib/libc.a)openat64_nocancel.o
(/usr/lib/gcc/aarch64-linux-gnu/13/../../../../aarch64-linux-gnu/lib/../lib/libc.a)read_nocancel.o
(/usr/lib/gcc/aarch64-linux-gnu/13/../../../../aarch64-linux-gnu/lib/../lib/libc.a)write_nocancel.o
(/usr/lib/gcc/aarch64-linux-gnu/13/../../../../aarch64-linux-gnu/lib/../lib/libc.a)tcsetattr.o
(/usr/lib/gcc/aarch64-linux-gnu/13/../../../../aarch64-linux-gnu/lib/../lib/libc.a)tcgetattr.o
(/usr/lib/gcc/aarch64-linux-gnu/13/../../../../aarch64-linux-gnu/lib/../lib/libc.a)getrlimit64.o
(/usr/lib/gcc/aarch64-linux-gnu/13/../../../../aarch64-linux-gnu/lib/../lib/libc.a)setrlimit64.o
(/usr/lib/gcc/aarch64-linux-gnu/13/../../../../aarch64-linux-gnu/lib/../lib/libc.a)brk.o
(/usr/lib/gcc/aarch64-linux-gnu/13/../../../../aarch64-linux-gnu/lib/../lib/libc.a)chroot.o
(/usr/lib/gcc/aarch64-linux-gnu/13/../../../../aarch64-linux-gnu/lib/../lib/libc.a)dirname.o
(/usr/lib/gcc/aarch64-linux-gnu/13/../../../../aarch64-linux-gnu/lib/../lib/libc.a)fd_to_filename.o
(/usr/lib/gcc/aarch64-linux-gnu/13/../../../../aarch64-linux-gnu/lib/../lib/libc.a)ftruncate64.o
(/usr/lib/gcc/aarch64-linux-gnu/13/../../../../aarch64-linux-gnu/lib/../lib/libc.a)getclktck.o
(/usr/lib/gcc/aarch64-linux-gnu/13/../../../../aarch64-linux-gnu/lib/../lib/libc.a)getdtsz.o
(/usr/lib/gcc/aarch64-linux-gnu/13/../../../../aarch64-linux-gnu/lib/../lib/libc.a)getpagesize.o
(/usr/lib/gcc/aarch64-linux-gnu/13/../../../../aarch64-linux-gnu/lib/../lib/libc.a)getsysstats.o
(/usr/lib/gcc/aarch64-linux-gnu/13/../../../../aarch64-linux-gnu/lib/../lib/libc.a)ioctl.o
(/usr/lib/gcc/aarch64-linux-gnu/13/../../../../aarch64-linux-gnu/lib/../lib/libc.a)madvise.o
(/usr/lib/gcc/aarch64-linux-gnu/13/../../../../aarch64-linux-gnu/lib/../lib/libc.a)makedev.o
(/usr/lib/gcc/aarch64-linux-gnu/13/../../../../aarch64-linux-gnu/lib/../lib/libc.a)mkstemp.o
(/usr/lib/gcc/aarch64-linux-gnu/13/../../../../aarch64-linux-gnu/lib/../lib/libc.a)mmap64.o
(/usr/lib/gcc/aarch64-linux-gnu/13/../../../../aarch64-linux-gnu/lib/../lib/libc.a)mntent.o
(/usr/lib/gcc/aarch64-linux-gnu/13/../../../../aarch64-linux-gnu/lib/../lib/libc.a)mntent_r.o
(/usr/lib/gcc/aarch64-linux-gnu/13/../../../../aarch64-linux-gnu/lib/../lib/libc.a)mprotect.o
(/usr/lib/gcc/aarch64-linux-gnu/13/../../../../aarch64-linux-gnu/lib/../lib/libc.a)munmap.o
(/usr/lib/gcc/aarch64-linux-gnu/13/../../../../aarch64-linux-gnu/lib/../lib/libc.a)sbrk.o
(/usr/lib/gcc/aarch64-linux-gnu/13/../../../../aarch64-linux-gnu/lib/../lib/libc.a)setegid.o
(/usr/lib/gcc/aarch64-linux-gnu/13/../../../../aarch64-linux-gnu/lib/../lib/libc.a)seteuid.o
(/usr/lib/gcc/aarch64-linux-gnu/13/../../../../aarch64-linux-gnu/lib/../lib/libc.a)single_threaded.o
(/usr/lib/gcc/aarch64-linux-gnu/13/../../../../aarch64-linux-gnu/lib/../lib/libc.a)tsearch.o
(/usr/lib/gcc/aarch64-linux-gnu/13/../../../../aarch64-linux-gnu/lib/../lib/libc.a)utimes.o
(/usr/lib/gcc/aarch64-linux-gnu/13/../../../../aarch64-linux-gnu/lib/../lib/libc.a)mremap.o
(/usr/lib/gcc/aarch64-linux-gnu/13/../../../../aarch64-linux-gnu/lib/../lib/libc.a)prctl.o
(/usr/lib/gcc/aarch64-linux-gnu/13/../../../../aarch64-linux-gnu/lib/../lib/libc.a)setvmaname.o
(/usr/lib/gcc/aarch64-linux-gnu/13/../../../../aarch64-linux-gnu/lib/../lib/libc.a)umount2.o
(/usr/lib/gcc/aarch64-linux-gnu/13/../../../../aarch64-linux-gnu/lib/../lib/libc.a)mount.o
(/usr/lib/gcc/aarch64-linux-gnu/13/../../../../aarch64-linux-gnu/lib/../lib/libc.a)sysinfo.o
(/usr/lib/gcc/aarch64-linux-gnu/13/../../../../aarch64-linux-gnu/lib/../lib/libc.a)__mtag_tag_zero_region.o
(/usr/lib/gcc/aarch64-linux-gnu/13/../../../../aarch64-linux-gnu/lib/../lib/libc.a)__mtag_tag_region.o
(/usr/lib/gcc/aarch64-linux-gnu/13/../../../../aarch64-linux-gnu/lib/../lib/libc.a)malloc-hugepages.o
(/usr/lib/gcc/aarch64-linux-gnu/13/../../../../aarch64-linux-gnu/lib/../lib/libc.a)bind.o
(/usr/lib/gcc/aarch64-linux-gnu/13/../../../../aarch64-linux-gnu/lib/../lib/libc.a)connect.o
(/usr/lib/gcc/aarch64-linux-gnu/13/../../../../aarch64-linux-gnu/lib/../lib/libc.a)getpeername.o
(/usr/lib/gcc/aarch64-linux-gnu/13/../../../../aarch64-linux-gnu/lib/../lib/libc.a)getsockname.o
(/usr/lib/gcc/aarch64-linux-gnu/13/../../../../aarch64-linux-gnu/lib/../lib/libc.a)listen.o
(/usr/lib/gcc/aarch64-linux-gnu/13/../../../../aarch64-linux-gnu/lib/../lib/libc.a)sendto.o
(/usr/lib/gcc/aarch64-linux-gnu/13/../../../../aarch64-linux-gnu/lib/../lib/libc.a)setsockopt.o
(/usr/lib/gcc/aarch64-linux-gnu/13/../../../../aarch64-linux-gnu/lib/../lib/libc.a)socket.o
(/usr/lib/gcc/aarch64-linux-gnu/13/../../../../aarch64-linux-gnu/lib/../lib/libc.a)wcfuncs.o
(/usr/lib/gcc/aarch64-linux-gnu/13/../../../../aarch64-linux-gnu/lib/../lib/libc.a)wctype.o
(/usr/lib/gcc/aarch64-linux-gnu/13/../../../../aarch64-linux-gnu/lib/../lib/libc.a)iswctype.o
(/usr/lib/gcc/aarch64-linux-gnu/13/../../../../aarch64-linux-gnu/lib/../lib/libc.a)wctrans.o
(/usr/lib/gcc/aarch64-linux-gnu/13/../../../../aarch64-linux-gnu/lib/../lib/libc.a)towctrans.o
(/usr/lib/gcc/aarch64-linux-gnu/13/../../../../aarch64-linux-gnu/lib/../lib/libc.a)asprintf_chk.o
(/usr/lib/gcc/aarch64-linux-gnu/13/../../../../aarch64-linux-gnu/lib/../lib/libc.a)chk_fail.o
(/usr/lib/gcc/aarch64-linux-gnu/13/../../../../aarch64-linux-gnu/lib/../lib/libc.a)dprintf_chk.o
(/usr/lib/gcc/aarch64-linux-gnu/13/../../../../aarch64-linux-gnu/lib/../lib/libc.a)fortify_fail.o
(/usr/lib/gcc/aarch64-linux-gnu/13/../../../../aarch64-linux-gnu/lib/../lib/libc.a)fprintf_chk.o
(/usr/lib/gcc/aarch64-linux-gnu/13/../../../../aarch64-linux-gnu/lib/../lib/libc.a)longjmp_chk.o
(/usr/lib/gcc/aarch64-linux-gnu/13/../../../../aarch64-linux-gnu/lib/../lib/libc.a)memcpy_chk.o
(/usr/lib/gcc/aarch64-linux-gnu/13/../../../../aarch64-linux-gnu/lib/../lib/libc.a)memmove_chk.o
(/usr/lib/gcc/aarch64-linux-gnu/13/../../../../aarch64-linux-gnu/lib/../lib/libc.a)mempcpy_chk.o
(/usr/lib/gcc/aarch64-linux-gnu/13/../../../../aarch64-linux-gnu/lib/../lib/libc.a)memset_chk.o
(/usr/lib/gcc/aarch64-linux-gnu/13/../../../../aarch64-linux-gnu/lib/../lib/libc.a)printf_chk.o
(/usr/lib/gcc/aarch64-linux-gnu/13/../../../../aarch64-linux-gnu/lib/../lib/libc.a)snprintf_chk.o
(/usr/lib/gcc/aarch64-linux-gnu/13/../../../../aarch64-linux-gnu/lib/../lib/libc.a)sprintf_chk.o
(/usr/lib/gcc/aarch64-linux-gnu/13/../../../../aarch64-linux-gnu/lib/../lib/libc.a)stack_chk_fail.o
(/usr/lib/gcc/aarch64-linux-gnu/13/../../../../aarch64-linux-gnu/lib/../lib/libc.a)strcat_chk.o
(/usr/lib/gcc/aarch64-linux-gnu/13/../../../../aarch64-linux-gnu/lib/../lib/libc.a)strcpy_chk.o
(/usr/lib/gcc/aarch64-linux-gnu/13/../../../../aarch64-linux-gnu/lib/../lib/libc.a)vasprintf_chk.o
(/usr/lib/gcc/aarch64-linux-gnu/13/../../../../aarch64-linux-gnu/lib/../lib/libc.a)vfprintf_chk.o
(/usr/lib/gcc/aarch64-linux-gnu/13/../../../../aarch64-linux-gnu/lib/../lib/libc.a)vprintf_chk.o
(/usr/lib/gcc/aarch64-linux-gnu/13/../../../../aarch64-linux-gnu/lib/../lib/libc.a)vsnprintf_chk.o
(/usr/lib/gcc/aarch64-linux-gnu/13/../../../../aarch64-linux-gnu/lib/../lib/libc.a)inet_ntoa.o
(/usr/lib/gcc/aarch64-linux-gnu/13/../../../../aarch64-linux-gnu/lib/../lib/libc.a)inet_addr.o
(/usr/lib/gcc/aarch64-linux-gnu/13/../../../../aarch64-linux-gnu/lib/../lib/libc.a)getaddrinfo.o
/usr/bin/ld: libbb/lib.a(xconnect.o): in function `str2sockaddr':
xconnect.c:(.text.str2sockaddr+0x17c): warning: Using 'getaddrinfo' in statically linked applications requires at runtime the shared libraries from the glibc version used for linking
(/usr/lib/gcc/aarch64-linux-gnu/13/../../../../aarch64-linux-gnu/lib/../lib/libc.a)gethstbynm2_r.o
(/usr/lib/gcc/aarch64-linux-gnu/13/../../../../aarch64-linux-gnu/lib/../lib/libc.a)getnameinfo.o
(/usr/lib/gcc/aarch64-linux-gnu/13/../../../../aarch64-linux-gnu/lib/../lib/libc.a)getpwnam.o
/usr/bin/ld: shell/lib.a(ash.o): in function `argstr':
ash.c:(.text.argstr+0x284): warning: Using 'getpwnam' in statically linked applications requires at runtime the shared libraries from the glibc version used for linking
(/usr/lib/gcc/aarch64-linux-gnu/13/../../../../aarch64-linux-gnu/lib/../lib/libc.a)getpwnam_r.o
(/usr/lib/gcc/aarch64-linux-gnu/13/../../../../aarch64-linux-gnu/lib/../lib/libc.a)getsrvbynm.o
/usr/bin/ld: libbb/lib.a(xconnect.o): in function `bb_lookup_port':
xconnect.c:(.text.bb_lookup_port+0x48): warning: Using 'getservbyname' in statically linked applications requires at runtime the shared libraries from the glibc version used for linking
(/usr/lib/gcc/aarch64-linux-gnu/13/../../../../aarch64-linux-gnu/lib/../lib/libc.a)getsrvbynm_r.o
(/usr/lib/gcc/aarch64-linux-gnu/13/../../../../aarch64-linux-gnu/lib/../lib/libc.a)getsrvbypt_r.o
(/usr/lib/gcc/aarch64-linux-gnu/13/../../../../aarch64-linux-gnu/lib/../lib/libc.a)nscd_getpw_r.o
(/usr/lib/gcc/aarch64-linux-gnu/13/../../../../aarch64-linux-gnu/lib/../lib/libc.a)nscd_gethst_r.o
(/usr/lib/gcc/aarch64-linux-gnu/13/../../../../aarch64-linux-gnu/lib/../lib/libc.a)nscd_getai.o
(/usr/lib/gcc/aarch64-linux-gnu/13/../../../../aarch64-linux-gnu/lib/../lib/libc.a)nscd_getserv_r.o
(/usr/lib/gcc/aarch64-linux-gnu/13/../../../../aarch64-linux-gnu/lib/../lib/libc.a)nscd_helper.o
(/usr/lib/gcc/aarch64-linux-gnu/13/../../../../aarch64-linux-gnu/lib/../lib/libc.a)getlogin_r.o
(/usr/lib/gcc/aarch64-linux-gnu/13/../../../../aarch64-linux-gnu/lib/../lib/libc.a)getutent_r.o
(/usr/lib/gcc/aarch64-linux-gnu/13/../../../../aarch64-linux-gnu/lib/../lib/libc.a)utmp_file.o
(/usr/lib/gcc/aarch64-linux-gnu/13/../../../../aarch64-linux-gnu/lib/../lib/libc.a)utmpname.o
(/usr/lib/gcc/aarch64-linux-gnu/13/../../../../aarch64-linux-gnu/lib/../lib/libc.a)dl-debug.o
(/usr/lib/gcc/aarch64-linux-gnu/13/../../../../aarch64-linux-gnu/lib/../lib/libc.a)dl-debug-symbols.o
(/usr/lib/gcc/aarch64-linux-gnu/13/../../../../aarch64-linux-gnu/lib/../lib/libc.a)dl-tls.o
(/usr/lib/gcc/aarch64-linux-gnu/13/../../../../aarch64-linux-gnu/lib/../lib/libc.a)dl-tls_init_tp.o
(/usr/lib/gcc/aarch64-linux-gnu/13/../../../../aarch64-linux-gnu/lib/../lib/libc.a)dl-tunables.o
(/usr/lib/gcc/aarch64-linux-gnu/13/../../../../aarch64-linux-gnu/lib/../lib/libc.a)dl-early_allocate.o
(/usr/lib/gcc/aarch64-linux-gnu/13/../../../../aarch64-linux-gnu/lib/../lib/libc.a)dl-support.o
(/usr/lib/gcc/aarch64-linux-gnu/13/../../../../aarch64-linux-gnu/lib/../lib/libc.a)enbl-secure.o
(/usr/lib/gcc/aarch64-linux-gnu/13/../../../../aarch64-linux-gnu/lib/../lib/libc.a)libc_early_init.o
(/usr/lib/gcc/aarch64-linux-gnu/13/../../../../aarch64-linux-gnu/lib/../lib/libc.a)init-first.o
(/usr/lib/gcc/aarch64-linux-gnu/13/../../../../aarch64-linux-gnu/lib/../lib/libc.a)sysdep.o
(/usr/lib/gcc/aarch64-linux-gnu/13/../../../../aarch64-linux-gnu/lib/../lib/libc.a)gconv_db.o
(/usr/lib/gcc/aarch64-linux-gnu/13/../../../../aarch64-linux-gnu/lib/../lib/libc.a)gconv_conf.o
(/usr/lib/gcc/aarch64-linux-gnu/13/../../../../aarch64-linux-gnu/lib/../lib/libc.a)gconv_builtin.o
(/usr/lib/gcc/aarch64-linux-gnu/13/../../../../aarch64-linux-gnu/lib/../lib/libc.a)gconv_simple.o
(/usr/lib/gcc/aarch64-linux-gnu/13/../../../../aarch64-linux-gnu/lib/../lib/libc.a)gconv_trans.o
(/usr/lib/gcc/aarch64-linux-gnu/13/../../../../aarch64-linux-gnu/lib/../lib/libc.a)gconv_cache.o
(/usr/lib/gcc/aarch64-linux-gnu/13/../../../../aarch64-linux-gnu/lib/../lib/libc.a)gconv_dl.o
(/usr/lib/gcc/aarch64-linux-gnu/13/../../../../aarch64-linux-gnu/lib/../lib/libc.a)setlocale.o
(/usr/lib/gcc/aarch64-linux-gnu/13/../../../../aarch64-linux-gnu/lib/../lib/libc.a)uselocale.o
(/usr/lib/gcc/aarch64-linux-gnu/13/../../../../aarch64-linux-gnu/lib/../lib/libc.a)lc-collate.o
(/usr/lib/gcc/aarch64-linux-gnu/13/../../../../aarch64-linux-gnu/lib/../lib/libc.a)lc-ctype.o
(/usr/lib/gcc/aarch64-linux-gnu/13/../../../../aarch64-linux-gnu/lib/../lib/libc.a)C_name.o
(/usr/lib/gcc/aarch64-linux-gnu/13/../../../../aarch64-linux-gnu/lib/../lib/libc.a)SYS_libc.o
(/usr/lib/gcc/aarch64-linux-gnu/13/../../../../aarch64-linux-gnu/lib/../lib/libc.a)coll-lookup.o
(/usr/lib/gcc/aarch64-linux-gnu/13/../../../../aarch64-linux-gnu/lib/../lib/libc.a)global-locale.o
(/usr/lib/gcc/aarch64-linux-gnu/13/../../../../aarch64-linux-gnu/lib/../lib/libc.a)xlocale.o
(/usr/lib/gcc/aarch64-linux-gnu/13/../../../../aarch64-linux-gnu/lib/../lib/libc.a)__libc_assert_fail.o
(/usr/lib/gcc/aarch64-linux-gnu/13/../../../../aarch64-linux-gnu/lib/../lib/libc.a)ctype-info.o
(/usr/lib/gcc/aarch64-linux-gnu/13/../../../../aarch64-linux-gnu/lib/../lib/libc.a)dcgettext.o
(/usr/lib/gcc/aarch64-linux-gnu/13/../../../../aarch64-linux-gnu/lib/../lib/libc.a)dcigettext.o
(/usr/lib/gcc/aarch64-linux-gnu/13/../../../../aarch64-linux-gnu/lib/../lib/libc.a)finddomain.o
(/usr/lib/gcc/aarch64-linux-gnu/13/../../../../aarch64-linux-gnu/lib/../lib/libc.a)loadmsgcat.o
(/usr/lib/gcc/aarch64-linux-gnu/13/../../../../aarch64-linux-gnu/lib/../lib/libc.a)localealias.o
(/usr/lib/gcc/aarch64-linux-gnu/13/../../../../aarch64-linux-gnu/lib/../lib/libc.a)l10nflist.o
(/usr/lib/gcc/aarch64-linux-gnu/13/../../../../aarch64-linux-gnu/lib/../lib/libc.a)explodename.o
(/usr/lib/gcc/aarch64-linux-gnu/13/../../../../aarch64-linux-gnu/lib/../lib/libc.a)plural.o
(/usr/lib/gcc/aarch64-linux-gnu/13/../../../../aarch64-linux-gnu/lib/../lib/libc.a)plural-exp.o
(/usr/lib/gcc/aarch64-linux-gnu/13/../../../../aarch64-linux-gnu/lib/../lib/libc.a)hash-string.o
(/usr/lib/gcc/aarch64-linux-gnu/13/../../../../aarch64-linux-gnu/lib/../lib/libc.a)jmp-unwind.o
(/usr/lib/gcc/aarch64-linux-gnu/13/../../../../aarch64-linux-gnu/lib/../lib/libc.a)allocrtsig.o
(/usr/lib/gcc/aarch64-linux-gnu/13/../../../../aarch64-linux-gnu/lib/../lib/libc.a)strtof.o
(/usr/lib/gcc/aarch64-linux-gnu/13/../../../../aarch64-linux-gnu/lib/../lib/libc.a)strtof_l.o
(/usr/lib/gcc/aarch64-linux-gnu/13/../../../../aarch64-linux-gnu/lib/../lib/libc.a)strtof_nan.o
(/usr/lib/gcc/aarch64-linux-gnu/13/../../../../aarch64-linux-gnu/lib/../lib/libc.a)strtold.o
(/usr/lib/gcc/aarch64-linux-gnu/13/../../../../aarch64-linux-gnu/lib/../lib/libc.a)strtold_l.o
(/usr/lib/gcc/aarch64-linux-gnu/13/../../../../aarch64-linux-gnu/lib/../lib/libc.a)strtold_nan.o
(/usr/lib/gcc/aarch64-linux-gnu/13/../../../../aarch64-linux-gnu/lib/../lib/libc.a)addmul_1.o
(/usr/lib/gcc/aarch64-linux-gnu/13/../../../../aarch64-linux-gnu/lib/../lib/libc.a)mpn2flt.o
(/usr/lib/gcc/aarch64-linux-gnu/13/../../../../aarch64-linux-gnu/lib/../lib/libc.a)mpn2ldbl.o
(/usr/lib/gcc/aarch64-linux-gnu/13/../../../../aarch64-linux-gnu/lib/../lib/libc.a)_itoa.o
(/usr/lib/gcc/aarch64-linux-gnu/13/../../../../aarch64-linux-gnu/lib/../lib/libc.a)funlockfile.o
(/usr/lib/gcc/aarch64-linux-gnu/13/../../../../aarch64-linux-gnu/lib/../lib/libc.a)getline.o
(/usr/lib/gcc/aarch64-linux-gnu/13/../../../../aarch64-linux-gnu/lib/../lib/libc.a)itoa-digits.o
(/usr/lib/gcc/aarch64-linux-gnu/13/../../../../aarch64-linux-gnu/lib/../lib/libc.a)itoa-udigits.o
(/usr/lib/gcc/aarch64-linux-gnu/13/../../../../aarch64-linux-gnu/lib/../lib/libc.a)snprintf.o
(/usr/lib/gcc/aarch64-linux-gnu/13/../../../../aarch64-linux-gnu/lib/../lib/libc.a)tempname.o
(/usr/lib/gcc/aarch64-linux-gnu/13/../../../../aarch64-linux-gnu/lib/../lib/libc.a)vfprintf-internal.o
(/usr/lib/gcc/aarch64-linux-gnu/13/../../../../aarch64-linux-gnu/lib/../lib/libc.a)errlist.o
(/usr/lib/gcc/aarch64-linux-gnu/13/../../../../aarch64-linux-gnu/lib/../lib/libc.a)errlist-data.o
(/usr/lib/gcc/aarch64-linux-gnu/13/../../../../aarch64-linux-gnu/lib/../lib/libc.a)errname.o
(/usr/lib/gcc/aarch64-linux-gnu/13/../../../../aarch64-linux-gnu/lib/../lib/libc.a)fxprintf.o
(/usr/lib/gcc/aarch64-linux-gnu/13/../../../../aarch64-linux-gnu/lib/../lib/libc.a)printf-parsemb.o
(/usr/lib/gcc/aarch64-linux-gnu/13/../../../../aarch64-linux-gnu/lib/../lib/libc.a)filedoalloc.o
(/usr/lib/gcc/aarch64-linux-gnu/13/../../../../aarch64-linux-gnu/lib/../lib/libc.a)iofputs.o
(/usr/lib/gcc/aarch64-linux-gnu/13/../../../../aarch64-linux-gnu/lib/../lib/libc.a)iogetdelim.o
(/usr/lib/gcc/aarch64-linux-gnu/13/../../../../aarch64-linux-gnu/lib/../lib/libc.a)iogetline.o
(/usr/lib/gcc/aarch64-linux-gnu/13/../../../../aarch64-linux-gnu/lib/../lib/libc.a)iovsprintf.o
(/usr/lib/gcc/aarch64-linux-gnu/13/../../../../aarch64-linux-gnu/lib/../lib/libc.a)wgenops.o
(/usr/lib/gcc/aarch64-linux-gnu/13/../../../../aarch64-linux-gnu/lib/../lib/libc.a)wfileops.o
(/usr/lib/gcc/aarch64-linux-gnu/13/../../../../aarch64-linux-gnu/lib/../lib/libc.a)iofwide.o
(/usr/lib/gcc/aarch64-linux-gnu/13/../../../../aarch64-linux-gnu/lib/../lib/libc.a)fseek.o
(/usr/lib/gcc/aarch64-linux-gnu/13/../../../../aarch64-linux-gnu/lib/../lib/libc.a)vasprintf.o
(/usr/lib/gcc/aarch64-linux-gnu/13/../../../../aarch64-linux-gnu/lib/../lib/libc.a)iovdprintf.o
(/usr/lib/gcc/aarch64-linux-gnu/13/../../../../aarch64-linux-gnu/lib/../lib/libc.a)vsnprintf.o
(/usr/lib/gcc/aarch64-linux-gnu/13/../../../../aarch64-linux-gnu/lib/../lib/libc.a)ftello.o
(/usr/lib/gcc/aarch64-linux-gnu/13/../../../../aarch64-linux-gnu/lib/../lib/libc.a)iofread_u.o
(/usr/lib/gcc/aarch64-linux-gnu/13/../../../../aarch64-linux-gnu/lib/../lib/libc.a)nptl_setxid.o
(/usr/lib/gcc/aarch64-linux-gnu/13/../../../../aarch64-linux-gnu/lib/../lib/libc.a)pthread_cleanup_upto.o
(/usr/lib/gcc/aarch64-linux-gnu/13/../../../../aarch64-linux-gnu/lib/../lib/libc.a)pthread_mutex_conf.o
(/usr/lib/gcc/aarch64-linux-gnu/13/../../../../aarch64-linux-gnu/lib/../lib/libc.a)pthread_mutex_lock.o
(/usr/lib/gcc/aarch64-linux-gnu/13/../../../../aarch64-linux-gnu/lib/../lib/libc.a)pthread_mutex_unlock.o
(/usr/lib/gcc/aarch64-linux-gnu/13/../../../../aarch64-linux-gnu/lib/../lib/libc.a)pthread_once.o
(/usr/lib/gcc/aarch64-linux-gnu/13/../../../../aarch64-linux-gnu/lib/../lib/libc.a)pthread_rwlock_init.o
(/usr/lib/gcc/aarch64-linux-gnu/13/../../../../aarch64-linux-gnu/lib/../lib/libc.a)pthread_rwlock_rdlock.o
(/usr/lib/gcc/aarch64-linux-gnu/13/../../../../aarch64-linux-gnu/lib/../lib/libc.a)pthread_rwlock_unlock.o
(/usr/lib/gcc/aarch64-linux-gnu/13/../../../../aarch64-linux-gnu/lib/../lib/libc.a)pthread_rwlock_wrlock.o
(/usr/lib/gcc/aarch64-linux-gnu/13/../../../../aarch64-linux-gnu/lib/../lib/libc.a)tpp.o
(/usr/lib/gcc/aarch64-linux-gnu/13/../../../../aarch64-linux-gnu/lib/../lib/libc.a)vars.o
(/usr/lib/gcc/aarch64-linux-gnu/13/../../../../aarch64-linux-gnu/lib/../lib/libc.a)dynarray_at_failure.o
(/usr/lib/gcc/aarch64-linux-gnu/13/../../../../aarch64-linux-gnu/lib/../lib/libc.a)dynarray_emplace_enlarge.o
(/usr/lib/gcc/aarch64-linux-gnu/13/../../../../aarch64-linux-gnu/lib/../lib/libc.a)dynarray_resize.o
(/usr/lib/gcc/aarch64-linux-gnu/13/../../../../aarch64-linux-gnu/lib/../lib/libc.a)alloc_buffer_alloc_array.o
(/usr/lib/gcc/aarch64-linux-gnu/13/../../../../aarch64-linux-gnu/lib/../lib/libc.a)alloc_buffer_create_failure.o
(/usr/lib/gcc/aarch64-linux-gnu/13/../../../../aarch64-linux-gnu/lib/../lib/libc.a)_strerror.o
(/usr/lib/gcc/aarch64-linux-gnu/13/../../../../aarch64-linux-gnu/lib/../lib/libc.a)argz-addsep.o
(/usr/lib/gcc/aarch64-linux-gnu/13/../../../../aarch64-linux-gnu/lib/../lib/libc.a)argz-ctsep.o
(/usr/lib/gcc/aarch64-linux-gnu/13/../../../../aarch64-linux-gnu/lib/../lib/libc.a)sigdescr_np.o
(/usr/lib/gcc/aarch64-linux-gnu/13/../../../../aarch64-linux-gnu/lib/../lib/libc.a)strcasecmp_l.o
(/usr/lib/gcc/aarch64-linux-gnu/13/../../../../aarch64-linux-gnu/lib/../lib/libc.a)strcat.o
(/usr/lib/gcc/aarch64-linux-gnu/13/../../../../aarch64-linux-gnu/lib/../lib/libc.a)strcoll.o
(/usr/lib/gcc/aarch64-linux-gnu/13/../../../../aarch64-linux-gnu/lib/../lib/libc.a)strcoll_l.o
(/usr/lib/gcc/aarch64-linux-gnu/13/../../../../aarch64-linux-gnu/lib/../lib/libc.a)strspn.o
(/usr/lib/gcc/aarch64-linux-gnu/13/../../../../aarch64-linux-gnu/lib/../lib/libc.a)btowc.o
(/usr/lib/gcc/aarch64-linux-gnu/13/../../../../aarch64-linux-gnu/lib/../lib/libc.a)mbsrtowcs.o
(/usr/lib/gcc/aarch64-linux-gnu/13/../../../../aarch64-linux-gnu/lib/../lib/libc.a)mbsrtowcs_l.o
(/usr/lib/gcc/aarch64-linux-gnu/13/../../../../aarch64-linux-gnu/lib/../lib/libc.a)wcscat.o
(/usr/lib/gcc/aarch64-linux-gnu/13/../../../../aarch64-linux-gnu/lib/../lib/libc.a)wcschr.o
(/usr/lib/gcc/aarch64-linux-gnu/13/../../../../aarch64-linux-gnu/lib/../lib/libc.a)wcscpy.o
(/usr/lib/gcc/aarch64-linux-gnu/13/../../../../aarch64-linux-gnu/lib/../lib/libc.a)wcslen.o
(/usr/lib/gcc/aarch64-linux-gnu/13/../../../../aarch64-linux-gnu/lib/../lib/libc.a)wcsrtombs.o
(/usr/lib/gcc/aarch64-linux-gnu/13/../../../../aarch64-linux-gnu/lib/../lib/libc.a)wmemchr.o
(/usr/lib/gcc/aarch64-linux-gnu/13/../../../../aarch64-linux-gnu/lib/../lib/libc.a)wmemcmp.o
(/usr/lib/gcc/aarch64-linux-gnu/13/../../../../aarch64-linux-gnu/lib/../lib/libc.a)wmemcpy.o
(/usr/lib/gcc/aarch64-linux-gnu/13/../../../../aarch64-linux-gnu/lib/../lib/libc.a)wmemmove.o
(/usr/lib/gcc/aarch64-linux-gnu/13/../../../../aarch64-linux-gnu/lib/../lib/libc.a)wmempcpy.o
(/usr/lib/gcc/aarch64-linux-gnu/13/../../../../aarch64-linux-gnu/lib/../lib/libc.a)offtime.o
(/usr/lib/gcc/aarch64-linux-gnu/13/../../../../aarch64-linux-gnu/lib/../lib/libc.a)rewinddir.o
(/usr/lib/gcc/aarch64-linux-gnu/13/../../../../aarch64-linux-gnu/lib/../lib/libc.a)getdents64.o
(/usr/lib/gcc/aarch64-linux-gnu/13/../../../../aarch64-linux-gnu/lib/../lib/libc.a)dirfd.o
(/usr/lib/gcc/aarch64-linux-gnu/13/../../../../aarch64-linux-gnu/lib/../lib/libc.a)fdopendir.o
(/usr/lib/gcc/aarch64-linux-gnu/13/../../../../aarch64-linux-gnu/lib/../lib/libc.a)_Fork.o
(/usr/lib/gcc/aarch64-linux-gnu/13/../../../../aarch64-linux-gnu/lib/../lib/libc.a)alarm.o
(/usr/lib/gcc/aarch64-linux-gnu/13/../../../../aarch64-linux-gnu/lib/../lib/libc.a)get_child_max.o
(/usr/lib/gcc/aarch64-linux-gnu/13/../../../../aarch64-linux-gnu/lib/../lib/libc.a)group_member.o
(/usr/lib/gcc/aarch64-linux-gnu/13/../../../../aarch64-linux-gnu/lib/../lib/libc.a)nanosleep.o
(/usr/lib/gcc/aarch64-linux-gnu/13/../../../../aarch64-linux-gnu/lib/../lib/libc.a)sched_cpucount.o
(/usr/lib/gcc/aarch64-linux-gnu/13/../../../../aarch64-linux-gnu/lib/../lib/libc.a)sched_getp.o
(/usr/lib/gcc/aarch64-linux-gnu/13/../../../../aarch64-linux-gnu/lib/../lib/libc.a)sched_gets.o
(/usr/lib/gcc/aarch64-linux-gnu/13/../../../../aarch64-linux-gnu/lib/../lib/libc.a)sched_primax.o
(/usr/lib/gcc/aarch64-linux-gnu/13/../../../../aarch64-linux-gnu/lib/../lib/libc.a)sched_primin.o
(/usr/lib/gcc/aarch64-linux-gnu/13/../../../../aarch64-linux-gnu/lib/../lib/libc.a)sched_sets.o
(/usr/lib/gcc/aarch64-linux-gnu/13/../../../../aarch64-linux-gnu/lib/../lib/libc.a)wait4.o
(/usr/lib/gcc/aarch64-linux-gnu/13/../../../../aarch64-linux-gnu/lib/../lib/libc.a)utimensat.o
(/usr/lib/gcc/aarch64-linux-gnu/13/../../../../aarch64-linux-gnu/lib/../lib/libc.a)pread64_nocancel.o
(/usr/lib/gcc/aarch64-linux-gnu/13/../../../../aarch64-linux-gnu/lib/../lib/libc.a)allocate_once.o
(/usr/lib/gcc/aarch64-linux-gnu/13/../../../../aarch64-linux-gnu/lib/../lib/libc.a)gethostname.o
(/usr/lib/gcc/aarch64-linux-gnu/13/../../../../aarch64-linux-gnu/lib/../lib/libc.a)readv.o
(/usr/lib/gcc/aarch64-linux-gnu/13/../../../../aarch64-linux-gnu/lib/../lib/libc.a)init-misc.o
(/usr/lib/gcc/aarch64-linux-gnu/13/../../../../aarch64-linux-gnu/lib/../lib/libc.a)recvmsg.o
(/usr/lib/gcc/aarch64-linux-gnu/13/../../../../aarch64-linux-gnu/lib/../lib/libc.a)send.o
(/usr/lib/gcc/aarch64-linux-gnu/13/../../../../aarch64-linux-gnu/lib/../lib/libc.a)____longjmp_chk.o
(/usr/lib/gcc/aarch64-linux-gnu/13/../../../../aarch64-linux-gnu/lib/../lib/libc.a)readonly-area.o
(/usr/lib/gcc/aarch64-linux-gnu/13/../../../../aarch64-linux-gnu/lib/../lib/libc.a)herrno.o
(/usr/lib/gcc/aarch64-linux-gnu/13/../../../../aarch64-linux-gnu/lib/../lib/libc.a)idna.o
(/usr/lib/gcc/aarch64-linux-gnu/13/../../../../aarch64-linux-gnu/lib/../lib/libc.a)idna_name_classify.o
(/usr/lib/gcc/aarch64-linux-gnu/13/../../../../aarch64-linux-gnu/lib/../lib/libc.a)if_index.o
(/usr/lib/gcc/aarch64-linux-gnu/13/../../../../aarch64-linux-gnu/lib/../lib/libc.a)ifaddrs.o
(/usr/lib/gcc/aarch64-linux-gnu/13/../../../../aarch64-linux-gnu/lib/../lib/libc.a)in6_addr.o
(/usr/lib/gcc/aarch64-linux-gnu/13/../../../../aarch64-linux-gnu/lib/../lib/libc.a)inet6_scopeid_pton.o
(/usr/lib/gcc/aarch64-linux-gnu/13/../../../../aarch64-linux-gnu/lib/../lib/libc.a)check_pf.o
(/usr/lib/gcc/aarch64-linux-gnu/13/../../../../aarch64-linux-gnu/lib/../lib/libc.a)check_native.o
(/usr/lib/gcc/aarch64-linux-gnu/13/../../../../aarch64-linux-gnu/lib/../lib/libc.a)netlink_assert_response.o
(/usr/lib/gcc/aarch64-linux-gnu/13/../../../../aarch64-linux-gnu/lib/../lib/libc.a)inet_ntop.o
(/usr/lib/gcc/aarch64-linux-gnu/13/../../../../aarch64-linux-gnu/lib/../lib/libc.a)inet_pton.o
(/usr/lib/gcc/aarch64-linux-gnu/13/../../../../aarch64-linux-gnu/lib/../lib/libc.a)res_hconf.o
(/usr/lib/gcc/aarch64-linux-gnu/13/../../../../aarch64-linux-gnu/lib/../lib/libc.a)resolv_context.o
(/usr/lib/gcc/aarch64-linux-gnu/13/../../../../aarch64-linux-gnu/lib/../lib/libc.a)hosts-lookup.o
(/usr/lib/gcc/aarch64-linux-gnu/13/../../../../aarch64-linux-gnu/lib/../lib/libc.a)pwd-lookup.o
(/usr/lib/gcc/aarch64-linux-gnu/13/../../../../aarch64-linux-gnu/lib/../lib/libc.a)service-lookup.o
(/usr/lib/gcc/aarch64-linux-gnu/13/../../../../aarch64-linux-gnu/lib/../lib/libc.a)digits_dots.o
(/usr/lib/gcc/aarch64-linux-gnu/13/../../../../aarch64-linux-gnu/lib/../lib/libc.a)nss_database.o
(/usr/lib/gcc/aarch64-linux-gnu/13/../../../../aarch64-linux-gnu/lib/../lib/libc.a)nss_hash.o
(/usr/lib/gcc/aarch64-linux-gnu/13/../../../../aarch64-linux-gnu/lib/../lib/libc.a)nsswitch.o
(/usr/lib/gcc/aarch64-linux-gnu/13/../../../../aarch64-linux-gnu/lib/../lib/libc.a)gethstbyad_r.o
(/usr/lib/gcc/aarch64-linux-gnu/13/../../../../aarch64-linux-gnu/lib/../lib/libc.a)gethstbynm_r.o
(/usr/lib/gcc/aarch64-linux-gnu/13/../../../../aarch64-linux-gnu/lib/../lib/libc.a)getpwuid_r.o
(/usr/lib/gcc/aarch64-linux-gnu/13/../../../../aarch64-linux-gnu/lib/../lib/libc.a)dl-catch.o
(/usr/lib/gcc/aarch64-linux-gnu/13/../../../../aarch64-linux-gnu/lib/../lib/libc.a)dl-exception.o
(/usr/lib/gcc/aarch64-linux-gnu/13/../../../../aarch64-linux-gnu/lib/../lib/libc.a)dl-load.o
(/usr/lib/gcc/aarch64-linux-gnu/13/../../../../aarch64-linux-gnu/lib/../lib/libc.a)dl-lookup.o
(/usr/lib/gcc/aarch64-linux-gnu/13/../../../../aarch64-linux-gnu/lib/../lib/libc.a)dl-misc.o
(/usr/lib/gcc/aarch64-linux-gnu/13/../../../../aarch64-linux-gnu/lib/../lib/libc.a)dl-object.o
(/usr/lib/gcc/aarch64-linux-gnu/13/../../../../aarch64-linux-gnu/lib/../lib/libc.a)dl-origin.o
(/usr/lib/gcc/aarch64-linux-gnu/13/../../../../aarch64-linux-gnu/lib/../lib/libc.a)dl-printf.o
(/usr/lib/gcc/aarch64-linux-gnu/13/../../../../aarch64-linux-gnu/lib/../lib/libc.a)dl-reloc.o
(/usr/lib/gcc/aarch64-linux-gnu/13/../../../../aarch64-linux-gnu/lib/../lib/libc.a)dl-scope.o
(/usr/lib/gcc/aarch64-linux-gnu/13/../../../../aarch64-linux-gnu/lib/../lib/libc.a)dl-setup_hash.o
(/usr/lib/gcc/aarch64-linux-gnu/13/../../../../aarch64-linux-gnu/lib/../lib/libc.a)dl-thread_gscope_wait.o
(/usr/lib/gcc/aarch64-linux-gnu/13/../../../../aarch64-linux-gnu/lib/../lib/libc.a)dl-trampoline.o
(/usr/lib/gcc/aarch64-linux-gnu/13/../../../../aarch64-linux-gnu/lib/../lib/libc.a)dl-cache.o
(/usr/lib/gcc/aarch64-linux-gnu/13/../../../../aarch64-linux-gnu/lib/../lib/libc.a)dl-bti.o
(/usr/lib/gcc/aarch64-linux-gnu/13/../../../../aarch64-linux-gnu/lib/../lib/libc.a)dl-tlsdesc.o
(/usr/lib/gcc/aarch64-linux-gnu/13/../../../../aarch64-linux-gnu/lib/../lib/libc.a)dl-libc.o
(/usr/lib/gcc/aarch64-linux-gnu/13/../../../../aarch64-linux-gnu/lib/../lib/libc.a)gconv_open.o
(/usr/lib/gcc/aarch64-linux-gnu/13/../../../../aarch64-linux-gnu/lib/../lib/libc.a)gconv.o
(/usr/lib/gcc/aarch64-linux-gnu/13/../../../../aarch64-linux-gnu/lib/../lib/libc.a)gconv_close.o
(/usr/lib/gcc/aarch64-linux-gnu/13/../../../../aarch64-linux-gnu/lib/../lib/libc.a)gconv_charset.o
(/usr/lib/gcc/aarch64-linux-gnu/13/../../../../aarch64-linux-gnu/lib/../lib/libc.a)findlocale.o
(/usr/lib/gcc/aarch64-linux-gnu/13/../../../../aarch64-linux-gnu/lib/../lib/libc.a)loadarchive.o
(/usr/lib/gcc/aarch64-linux-gnu/13/../../../../aarch64-linux-gnu/lib/../lib/libc.a)loadlocale.o
(/usr/lib/gcc/aarch64-linux-gnu/13/../../../../aarch64-linux-gnu/lib/../lib/libc.a)C-address.o
(/usr/lib/gcc/aarch64-linux-gnu/13/../../../../aarch64-linux-gnu/lib/../lib/libc.a)C-collate.o
(/usr/lib/gcc/aarch64-linux-gnu/13/../../../../aarch64-linux-gnu/lib/../lib/libc.a)C-ctype.o
(/usr/lib/gcc/aarch64-linux-gnu/13/../../../../aarch64-linux-gnu/lib/../lib/libc.a)C-identification.o
(/usr/lib/gcc/aarch64-linux-gnu/13/../../../../aarch64-linux-gnu/lib/../lib/libc.a)C-measurement.o
(/usr/lib/gcc/aarch64-linux-gnu/13/../../../../aarch64-linux-gnu/lib/../lib/libc.a)C-messages.o
(/usr/lib/gcc/aarch64-linux-gnu/13/../../../../aarch64-linux-gnu/lib/../lib/libc.a)C-monetary.o
(/usr/lib/gcc/aarch64-linux-gnu/13/../../../../aarch64-linux-gnu/lib/../lib/libc.a)C-name.o
(/usr/lib/gcc/aarch64-linux-gnu/13/../../../../aarch64-linux-gnu/lib/../lib/libc.a)C-numeric.o
(/usr/lib/gcc/aarch64-linux-gnu/13/../../../../aarch64-linux-gnu/lib/../lib/libc.a)C-paper.o
(/usr/lib/gcc/aarch64-linux-gnu/13/../../../../aarch64-linux-gnu/lib/../lib/libc.a)C-telephone.o
(/usr/lib/gcc/aarch64-linux-gnu/13/../../../../aarch64-linux-gnu/lib/../lib/libc.a)C-time.o
(/usr/lib/gcc/aarch64-linux-gnu/13/../../../../aarch64-linux-gnu/lib/../lib/libc.a)lc-numeric.o
(/usr/lib/gcc/aarch64-linux-gnu/13/../../../../aarch64-linux-gnu/lib/../lib/libc.a)localename.o
(/usr/lib/gcc/aarch64-linux-gnu/13/../../../../aarch64-linux-gnu/lib/../lib/libc.a)__longjmp.o
(/usr/lib/gcc/aarch64-linux-gnu/13/../../../../aarch64-linux-gnu/lib/../lib/libc.a)getrandom.o
(/usr/lib/gcc/aarch64-linux-gnu/13/../../../../aarch64-linux-gnu/lib/../lib/libc.a)secure-getenv.o
(/usr/lib/gcc/aarch64-linux-gnu/13/../../../../aarch64-linux-gnu/lib/../lib/libc.a)grouping_iterator.o
(/usr/lib/gcc/aarch64-linux-gnu/13/../../../../aarch64-linux-gnu/lib/../lib/libc.a)printf_buffer_done.o
(/usr/lib/gcc/aarch64-linux-gnu/13/../../../../aarch64-linux-gnu/lib/../lib/libc.a)printf_buffer_pad_1.o
(/usr/lib/gcc/aarch64-linux-gnu/13/../../../../aarch64-linux-gnu/lib/../lib/libc.a)printf_buffer_putc_1.o
(/usr/lib/gcc/aarch64-linux-gnu/13/../../../../aarch64-linux-gnu/lib/../lib/libc.a)printf_buffer_puts_1.o
(/usr/lib/gcc/aarch64-linux-gnu/13/../../../../aarch64-linux-gnu/lib/../lib/libc.a)printf_buffer_to_file.o
(/usr/lib/gcc/aarch64-linux-gnu/13/../../../../aarch64-linux-gnu/lib/../lib/libc.a)printf_buffer_write.o
(/usr/lib/gcc/aarch64-linux-gnu/13/../../../../aarch64-linux-gnu/lib/../lib/libc.a)printf_fp.o
(/usr/lib/gcc/aarch64-linux-gnu/13/../../../../aarch64-linux-gnu/lib/../lib/libc.a)printf_fphex.o
(/usr/lib/gcc/aarch64-linux-gnu/13/../../../../aarch64-linux-gnu/lib/../lib/libc.a)printf_function_invoke.o
(/usr/lib/gcc/aarch64-linux-gnu/13/../../../../aarch64-linux-gnu/lib/../lib/libc.a)reg-modifier.o
(/usr/lib/gcc/aarch64-linux-gnu/13/../../../../aarch64-linux-gnu/lib/../lib/libc.a)reg-printf.o
(/usr/lib/gcc/aarch64-linux-gnu/13/../../../../aarch64-linux-gnu/lib/../lib/libc.a)reg-type.o
(/usr/lib/gcc/aarch64-linux-gnu/13/../../../../aarch64-linux-gnu/lib/../lib/libc.a)translated_number_width.o
(/usr/lib/gcc/aarch64-linux-gnu/13/../../../../aarch64-linux-gnu/lib/../lib/libc.a)vfwprintf-internal.o
(/usr/lib/gcc/aarch64-linux-gnu/13/../../../../aarch64-linux-gnu/lib/../lib/libc.a)wprintf_buffer_done.o
(/usr/lib/gcc/aarch64-linux-gnu/13/../../../../aarch64-linux-gnu/lib/../lib/libc.a)wprintf_buffer_pad_1.o
(/usr/lib/gcc/aarch64-linux-gnu/13/../../../../aarch64-linux-gnu/lib/../lib/libc.a)wprintf_buffer_putc_1.o
(/usr/lib/gcc/aarch64-linux-gnu/13/../../../../aarch64-linux-gnu/lib/../lib/libc.a)wprintf_buffer_to_file.o
(/usr/lib/gcc/aarch64-linux-gnu/13/../../../../aarch64-linux-gnu/lib/../lib/libc.a)wprintf_buffer_write.o
(/usr/lib/gcc/aarch64-linux-gnu/13/../../../../aarch64-linux-gnu/lib/../lib/libc.a)wprintf_function_invoke.o
(/usr/lib/gcc/aarch64-linux-gnu/13/../../../../aarch64-linux-gnu/lib/../lib/libc.a)printf-parsewc.o
(/usr/lib/gcc/aarch64-linux-gnu/13/../../../../aarch64-linux-gnu/lib/../lib/libc.a)siglist.o
(/usr/lib/gcc/aarch64-linux-gnu/13/../../../../aarch64-linux-gnu/lib/../lib/libc.a)ioseekoff.o
(/usr/lib/gcc/aarch64-linux-gnu/13/../../../../aarch64-linux-gnu/lib/../lib/libc.a)cleanup_compat.o
(/usr/lib/gcc/aarch64-linux-gnu/13/../../../../aarch64-linux-gnu/lib/../lib/libc.a)futex-internal.o
(/usr/lib/gcc/aarch64-linux-gnu/13/../../../../aarch64-linux-gnu/lib/../lib/libc.a)nptl-stack.o
(/usr/lib/gcc/aarch64-linux-gnu/13/../../../../aarch64-linux-gnu/lib/../lib/libc.a)memmem.o
(/usr/lib/gcc/aarch64-linux-gnu/13/../../../../aarch64-linux-gnu/lib/../lib/libc.a)wcschrnul.o
(/usr/lib/gcc/aarch64-linux-gnu/13/../../../../aarch64-linux-gnu/lib/../lib/libc.a)wcsnlen.o
(/usr/lib/gcc/aarch64-linux-gnu/13/../../../../aarch64-linux-gnu/lib/../lib/libc.a)wmemset.o
(/usr/lib/gcc/aarch64-linux-gnu/13/../../../../aarch64-linux-gnu/lib/../lib/libc.a)setitimer.o
(/usr/lib/gcc/aarch64-linux-gnu/13/../../../../aarch64-linux-gnu/lib/../lib/libc.a)clock_nanosleep.o
(/usr/lib/gcc/aarch64-linux-gnu/13/../../../../aarch64-linux-gnu/lib/../lib/libc.a)lc-time-cleanup.o
(/usr/lib/gcc/aarch64-linux-gnu/13/../../../../aarch64-linux-gnu/lib/../lib/libc.a)file_change_detection.o
(/usr/lib/gcc/aarch64-linux-gnu/13/../../../../aarch64-linux-gnu/lib/../lib/libc.a)__arm_za_disable.o
(/usr/lib/gcc/aarch64-linux-gnu/13/../../../../aarch64-linux-gnu/lib/../lib/libc.a)opensock.o
(/usr/lib/gcc/aarch64-linux-gnu/13/../../../../aarch64-linux-gnu/lib/../lib/libc.a)ifreq.o
(/usr/lib/gcc/aarch64-linux-gnu/13/../../../../aarch64-linux-gnu/lib/../lib/libc.a)res-close.o
(/usr/lib/gcc/aarch64-linux-gnu/13/../../../../aarch64-linux-gnu/lib/../lib/libc.a)res_init.o
(/usr/lib/gcc/aarch64-linux-gnu/13/../../../../aarch64-linux-gnu/lib/../lib/libc.a)res_libc.o
(/usr/lib/gcc/aarch64-linux-gnu/13/../../../../aarch64-linux-gnu/lib/../lib/libc.a)res_randomid.o
(/usr/lib/gcc/aarch64-linux-gnu/13/../../../../aarch64-linux-gnu/lib/../lib/libc.a)resolv_conf.o
(/usr/lib/gcc/aarch64-linux-gnu/13/../../../../aarch64-linux-gnu/lib/../lib/libc.a)nss_action_parse.o
(/usr/lib/gcc/aarch64-linux-gnu/13/../../../../aarch64-linux-gnu/lib/../lib/libc.a)nss_module.o
(/usr/lib/gcc/aarch64-linux-gnu/13/../../../../aarch64-linux-gnu/lib/../lib/libc.a)dl-close.o
(/usr/lib/gcc/aarch64-linux-gnu/13/../../../../aarch64-linux-gnu/lib/../lib/libc.a)dl-execstack.o
(/usr/lib/gcc/aarch64-linux-gnu/13/../../../../aarch64-linux-gnu/lib/../lib/libc.a)dl-find_object.o
(/usr/lib/gcc/aarch64-linux-gnu/13/../../../../aarch64-linux-gnu/lib/../lib/libc.a)dl-open.o
(/usr/lib/gcc/aarch64-linux-gnu/13/../../../../aarch64-linux-gnu/lib/../lib/libc.a)dl-runtime.o
(/usr/lib/gcc/aarch64-linux-gnu/13/../../../../aarch64-linux-gnu/lib/../lib/libc.a)dl-sort-maps.o
(/usr/lib/gcc/aarch64-linux-gnu/13/../../../../aarch64-linux-gnu/lib/../lib/libc.a)dl-version.o
(/usr/lib/gcc/aarch64-linux-gnu/13/../../../../aarch64-linux-gnu/lib/../lib/libc.a)tlsdesc.o
(/usr/lib/gcc/aarch64-linux-gnu/13/../../../../aarch64-linux-gnu/lib/../lib/libc.a)dl-addr-obj.o
(/usr/lib/gcc/aarch64-linux-gnu/13/../../../../aarch64-linux-gnu/lib/../lib/libc.a)rtld_static_init.o
(/usr/lib/gcc/aarch64-linux-gnu/13/../../../../aarch64-linux-gnu/lib/../lib/libc.a)divrem.o
(/usr/lib/gcc/aarch64-linux-gnu/13/../../../../aarch64-linux-gnu/lib/../lib/libc.a)dbl2mpn.o
(/usr/lib/gcc/aarch64-linux-gnu/13/../../../../aarch64-linux-gnu/lib/../lib/libc.a)ldbl2mpn.o
(/usr/lib/gcc/aarch64-linux-gnu/13/../../../../aarch64-linux-gnu/lib/../lib/libc.a)itowa-digits.o
(/usr/lib/gcc/aarch64-linux-gnu/13/../../../../aarch64-linux-gnu/lib/../lib/libc.a)printf_buffer_as_file.o
(/usr/lib/gcc/aarch64-linux-gnu/13/../../../../aarch64-linux-gnu/lib/../lib/libc.a)printf_buffer_flush.o
(/usr/lib/gcc/aarch64-linux-gnu/13/../../../../aarch64-linux-gnu/lib/../lib/libc.a)wprintf_buffer_as_file.o
(/usr/lib/gcc/aarch64-linux-gnu/13/../../../../aarch64-linux-gnu/lib/../lib/libc.a)wprintf_buffer_flush.o
(/usr/lib/gcc/aarch64-linux-gnu/13/../../../../aarch64-linux-gnu/lib/../lib/libc.a)dladdr.o
(/usr/lib/gcc/aarch64-linux-gnu/13/../../../../aarch64-linux-gnu/lib/../lib/libc.a)dladdr1.o
(/usr/lib/gcc/aarch64-linux-gnu/13/../../../../aarch64-linux-gnu/lib/../lib/libc.a)dlclose.o
(/usr/lib/gcc/aarch64-linux-gnu/13/../../../../aarch64-linux-gnu/lib/../lib/libc.a)dlerror.o
(/usr/lib/gcc/aarch64-linux-gnu/13/../../../../aarch64-linux-gnu/lib/../lib/libc.a)dlinfo.o
(/usr/lib/gcc/aarch64-linux-gnu/13/../../../../aarch64-linux-gnu/lib/../lib/libc.a)dlmopen.o
(/usr/lib/gcc/aarch64-linux-gnu/13/../../../../aarch64-linux-gnu/lib/../lib/libc.a)dlopen.o
(/usr/lib/gcc/aarch64-linux-gnu/13/../../../../aarch64-linux-gnu/lib/../lib/libc.a)dlsym.o
(/usr/lib/gcc/aarch64-linux-gnu/13/../../../../aarch64-linux-gnu/lib/../lib/libc.a)dlvsym.o
(/usr/lib/gcc/aarch64-linux-gnu/13/../../../../aarch64-linux-gnu/lib/../lib/libc.a)libc_dlerror_result.o
(/usr/lib/gcc/aarch64-linux-gnu/13/../../../../aarch64-linux-gnu/lib/../lib/libc.a)alloc_buffer_allocate.o
(/usr/lib/gcc/aarch64-linux-gnu/13/../../../../aarch64-linux-gnu/lib/../lib/libc.a)alloc_buffer_copy_string.o
(/usr/lib/gcc/aarch64-linux-gnu/13/../../../../aarch64-linux-gnu/lib/../lib/libc.a)inet_mkadr.o
(/usr/lib/gcc/aarch64-linux-gnu/13/../../../../aarch64-linux-gnu/lib/../lib/libc.a)nss_dns_functions.o
(/usr/lib/gcc/aarch64-linux-gnu/13/../../../../aarch64-linux-gnu/lib/../lib/libc.a)nss_action.o
(/usr/lib/gcc/aarch64-linux-gnu/13/../../../../aarch64-linux-gnu/lib/../lib/libc.a)nss_files_functions.o
(/usr/lib/gcc/aarch64-linux-gnu/13/../../../../aarch64-linux-gnu/lib/../lib/libc.a)files-alias.o
(/usr/lib/gcc/aarch64-linux-gnu/13/../../../../aarch64-linux-gnu/lib/../lib/libc.a)files-ethers.o
(/usr/lib/gcc/aarch64-linux-gnu/13/../../../../aarch64-linux-gnu/lib/../lib/libc.a)files-grp.o
(/usr/lib/gcc/aarch64-linux-gnu/13/../../../../aarch64-linux-gnu/lib/../lib/libc.a)files-hosts.o
(/usr/lib/gcc/aarch64-linux-gnu/13/../../../../aarch64-linux-gnu/lib/../lib/libc.a)files-netgrp.o
(/usr/lib/gcc/aarch64-linux-gnu/13/../../../../aarch64-linux-gnu/lib/../lib/libc.a)files-network.o
(/usr/lib/gcc/aarch64-linux-gnu/13/../../../../aarch64-linux-gnu/lib/../lib/libc.a)files-proto.o
(/usr/lib/gcc/aarch64-linux-gnu/13/../../../../aarch64-linux-gnu/lib/../lib/libc.a)files-pwd.o
(/usr/lib/gcc/aarch64-linux-gnu/13/../../../../aarch64-linux-gnu/lib/../lib/libc.a)files-service.o
(/usr/lib/gcc/aarch64-linux-gnu/13/../../../../aarch64-linux-gnu/lib/../lib/libc.a)files-sgrp.o
(/usr/lib/gcc/aarch64-linux-gnu/13/../../../../aarch64-linux-gnu/lib/../lib/libc.a)files-spwd.o
(/usr/lib/gcc/aarch64-linux-gnu/13/../../../../aarch64-linux-gnu/lib/../lib/libc.a)files-rpc.o
(/usr/lib/gcc/aarch64-linux-gnu/13/../../../../aarch64-linux-gnu/lib/../lib/libc.a)files-initgroups.o
(/usr/lib/gcc/aarch64-linux-gnu/13/../../../../aarch64-linux-gnu/lib/../lib/libc.a)dl-call-libc-early-init.o
(/usr/lib/gcc/aarch64-linux-gnu/13/../../../../aarch64-linux-gnu/lib/../lib/libc.a)dl-call_fini.o
(/usr/lib/gcc/aarch64-linux-gnu/13/../../../../aarch64-linux-gnu/lib/../lib/libc.a)dl-deps.o
(/usr/lib/gcc/aarch64-linux-gnu/13/../../../../aarch64-linux-gnu/lib/../lib/libc.a)dl-init.o
(/usr/lib/gcc/aarch64-linux-gnu/13/../../../../aarch64-linux-gnu/lib/../lib/libc.a)dl-lookup-direct.o
(/usr/lib/gcc/aarch64-linux-gnu/13/../../../../aarch64-linux-gnu/lib/../lib/libc.a)dl-addr.o
(/usr/lib/gcc/aarch64-linux-gnu/13/../../../../aarch64-linux-gnu/lib/../lib/libc.a)dl-sym.o
(/usr/lib/gcc/aarch64-linux-gnu/13/../../../../aarch64-linux-gnu/lib/../lib/libc.a)asprintf.o
(/usr/lib/gcc/aarch64-linux-gnu/13/../../../../aarch64-linux-gnu/lib/../lib/libc.a)iofgetpos.o
(/usr/lib/gcc/aarch64-linux-gnu/13/../../../../aarch64-linux-gnu/lib/../lib/libc.a)iofsetpos.o
(/usr/lib/gcc/aarch64-linux-gnu/13/../../../../aarch64-linux-gnu/lib/../lib/libc.a)ioseekpos.o
(/usr/lib/gcc/aarch64-linux-gnu/13/../../../../aarch64-linux-gnu/lib/../lib/libc.a)ioungetc.o
(/usr/lib/gcc/aarch64-linux-gnu/13/../../../../aarch64-linux-gnu/lib/../lib/libc.a)alloc_buffer_copy_bytes.o
(/usr/lib/gcc/aarch64-linux-gnu/13/../../../../aarch64-linux-gnu/lib/../lib/libc.a)inet_net.o
(/usr/lib/gcc/aarch64-linux-gnu/13/../../../../aarch64-linux-gnu/lib/../lib/libc.a)dns-canon.o
(/usr/lib/gcc/aarch64-linux-gnu/13/../../../../aarch64-linux-gnu/lib/../lib/libc.a)dns-host.o
(/usr/lib/gcc/aarch64-linux-gnu/13/../../../../aarch64-linux-gnu/lib/../lib/libc.a)dns-network.o
(/usr/lib/gcc/aarch64-linux-gnu/13/../../../../aarch64-linux-gnu/lib/../lib/libc.a)ns_name_ntop.o
(/usr/lib/gcc/aarch64-linux-gnu/13/../../../../aarch64-linux-gnu/lib/../lib/libc.a)ns_name_unpack.o
(/usr/lib/gcc/aarch64-linux-gnu/13/../../../../aarch64-linux-gnu/lib/../lib/libc.a)ns_rr_cursor_init.o
(/usr/lib/gcc/aarch64-linux-gnu/13/../../../../aarch64-linux-gnu/lib/../lib/libc.a)ns_rr_cursor_next.o
(/usr/lib/gcc/aarch64-linux-gnu/13/../../../../aarch64-linux-gnu/lib/../lib/libc.a)ns_samebinaryname.o
(/usr/lib/gcc/aarch64-linux-gnu/13/../../../../aarch64-linux-gnu/lib/../lib/libc.a)res-name-checking.o
(/usr/lib/gcc/aarch64-linux-gnu/13/../../../../aarch64-linux-gnu/lib/../lib/libc.a)res_context_hostalias.o
(/usr/lib/gcc/aarch64-linux-gnu/13/../../../../aarch64-linux-gnu/lib/../lib/libc.a)res_query.o
(/usr/lib/gcc/aarch64-linux-gnu/13/../../../../aarch64-linux-gnu/lib/../lib/libc.a)res_send.o
(/usr/lib/gcc/aarch64-linux-gnu/13/../../../../aarch64-linux-gnu/lib/../lib/libc.a)nss_files_data.o
(/usr/lib/gcc/aarch64-linux-gnu/13/../../../../aarch64-linux-gnu/lib/../lib/libc.a)nss_files_fopen.o
(/usr/lib/gcc/aarch64-linux-gnu/13/../../../../aarch64-linux-gnu/lib/../lib/libc.a)nss_parse_line_result.o
(/usr/lib/gcc/aarch64-linux-gnu/13/../../../../aarch64-linux-gnu/lib/../lib/libc.a)nss_readline.o
(/usr/lib/gcc/aarch64-linux-gnu/13/../../../../aarch64-linux-gnu/lib/../lib/libc.a)fgetgrent_r.o
(/usr/lib/gcc/aarch64-linux-gnu/13/../../../../aarch64-linux-gnu/lib/../lib/libc.a)sgetsgent_r.o
(/usr/lib/gcc/aarch64-linux-gnu/13/../../../../aarch64-linux-gnu/lib/../lib/libc.a)fgetpwent_r.o
(/usr/lib/gcc/aarch64-linux-gnu/13/../../../../aarch64-linux-gnu/lib/../lib/libc.a)sgetspent_r.o
(/usr/lib/gcc/aarch64-linux-gnu/13/../../../../aarch64-linux-gnu/lib/../lib/libc.a)rewind.o
(/usr/lib/gcc/aarch64-linux-gnu/13/../../../../aarch64-linux-gnu/lib/../lib/libc.a)fseeko.o
(/usr/lib/gcc/aarch64-linux-gnu/13/../../../../aarch64-linux-gnu/lib/../lib/libc.a)writev.o
(/usr/lib/gcc/aarch64-linux-gnu/13/../../../../aarch64-linux-gnu/lib/../lib/libc.a)recvfrom.o
(/usr/lib/gcc/aarch64-linux-gnu/13/../../../../aarch64-linux-gnu/lib/../lib/libc.a)sendmmsg.o
(/usr/lib/gcc/aarch64-linux-gnu/13/../../../../aarch64-linux-gnu/lib/../lib/libc.a)dn_expand.o
(/usr/lib/gcc/aarch64-linux-gnu/13/../../../../aarch64-linux-gnu/lib/../lib/libc.a)dn_skipname.o
(/usr/lib/gcc/aarch64-linux-gnu/13/../../../../aarch64-linux-gnu/lib/../lib/libc.a)ns_name_length_uncompressed.o
(/usr/lib/gcc/aarch64-linux-gnu/13/../../../../aarch64-linux-gnu/lib/../lib/libc.a)ns_name_pton.o
(/usr/lib/gcc/aarch64-linux-gnu/13/../../../../aarch64-linux-gnu/lib/../lib/libc.a)ns_name_skip.o
(/usr/lib/gcc/aarch64-linux-gnu/13/../../../../aarch64-linux-gnu/lib/../lib/libc.a)ns_name_uncompress.o
(/usr/lib/gcc/aarch64-linux-gnu/13/../../../../aarch64-linux-gnu/lib/../lib/libc.a)ns_samename.o
(/usr/lib/gcc/aarch64-linux-gnu/13/../../../../aarch64-linux-gnu/lib/../lib/libc.a)res-noaaaa.o
(/usr/lib/gcc/aarch64-linux-gnu/13/../../../../aarch64-linux-gnu/lib/../lib/libc.a)res_enable_icmp.o
(/usr/lib/gcc/aarch64-linux-gnu/13/../../../../aarch64-linux-gnu/lib/../lib/libc.a)res_get_nsaddr.o
(/usr/lib/gcc/aarch64-linux-gnu/13/../../../../aarch64-linux-gnu/lib/../lib/libc.a)res_mkquery.o
(/usr/lib/gcc/aarch64-linux-gnu/13/../../../../aarch64-linux-gnu/lib/../lib/libc.a)res_queriesmatch.o
(/usr/lib/gcc/aarch64-linux-gnu/13/../../../../aarch64-linux-gnu/lib/../lib/libc.a)nss_fgetent_r.o
(/usr/lib/gcc/aarch64-linux-gnu/13/../../../../aarch64-linux-gnu/lib/../lib/libc.a)ns_makecanon.o
(/usr/lib/gcc/aarch64-linux-gnu/13/../../../../aarch64-linux-gnu/lib/../lib/libc.a)ns_name_compress.o
(/usr/lib/gcc/aarch64-linux-gnu/13/../../../../aarch64-linux-gnu/lib/../lib/libc.a)ns_name_pack.o
(/usr/lib/gcc/aarch64-linux-gnu/13/../../../../aarch64-linux-gnu/lib/../lib/libc.a)res_nameinquery.o
/usr/lib/gcc/aarch64-linux-gnu/13/libgcc.a
(/usr/lib/gcc/aarch64-linux-gnu/13/libgcc.a)cas_4_1.o
(/usr/lib/gcc/aarch64-linux-gnu/13/libgcc.a)cas_4_2.o
(/usr/lib/gcc/aarch64-linux-gnu/13/libgcc.a)cas_8_2.o
(/usr/lib/gcc/aarch64-linux-gnu/13/libgcc.a)cas_4_3.o
(/usr/lib/gcc/aarch64-linux-gnu/13/libgcc.a)cas_8_3.o
(/usr/lib/gcc/aarch64-linux-gnu/13/libgcc.a)swp_4_1.o
(/usr/lib/gcc/aarch64-linux-gnu/13/libgcc.a)ldadd_4_1.o
(/usr/lib/gcc/aarch64-linux-gnu/13/libgcc.a)ldset_4_1.o
(/usr/lib/gcc/aarch64-linux-gnu/13/libgcc.a)ldadd_8_1.o
(/usr/lib/gcc/aarch64-linux-gnu/13/libgcc.a)swp_4_2.o
(/usr/lib/gcc/aarch64-linux-gnu/13/libgcc.a)ldadd_4_2.o
(/usr/lib/gcc/aarch64-linux-gnu/13/libgcc.a)ldclr_4_2.o
(/usr/lib/gcc/aarch64-linux-gnu/13/libgcc.a)ldset_4_2.o
(/usr/lib/gcc/aarch64-linux-gnu/13/libgcc.a)swp_8_2.o
(/usr/lib/gcc/aarch64-linux-gnu/13/libgcc.a)swp_4_3.o
(/usr/lib/gcc/aarch64-linux-gnu/13/libgcc.a)lse-init.o
(/usr/lib/gcc/aarch64-linux-gnu/13/libgcc.a)addtf3.o
(/usr/lib/gcc/aarch64-linux-gnu/13/libgcc.a)letf2.o
(/usr/lib/gcc/aarch64-linux-gnu/13/libgcc.a)multf3.o
(/usr/lib/gcc/aarch64-linux-gnu/13/libgcc.a)unordtf2.o
(/usr/lib/gcc/aarch64-linux-gnu/13/libgcc.a)sfp-exceptions.o
/usr/lib/gcc/aarch64-linux-gnu/13/libgcc_eh.a
(/usr/lib/gcc/aarch64-linux-gnu/13/libgcc_eh.a)unwind-dw2.o
(/usr/lib/gcc/aarch64-linux-gnu/13/libgcc_eh.a)unwind-dw2-fde-dip.o
(/usr/lib/gcc/aarch64-linux-gnu/13/libgcc_eh.a)unwind-c.o
/usr/lib/gcc/aarch64-linux-gnu/13/../../../../aarch64-linux-gnu/lib/../lib/libc.a
(/usr/lib/gcc/aarch64-linux-gnu/13/../../../../aarch64-linux-gnu/lib/../lib/libc.a)getauxval.o
/usr/lib/gcc/aarch64-linux-gnu/13/libgcc.a
(/usr/lib/gcc/aarch64-linux-gnu/13/libgcc.a)cas_8_4.o
(/usr/lib/gcc/aarch64-linux-gnu/13/libgcc.a)swp_8_4.o
/usr/lib/gcc/aarch64-linux-gnu/13/libgcc_eh.a
/usr/lib/gcc/aarch64-linux-gnu/13/../../../../aarch64-linux-gnu/lib/../lib/libc.a
attempt to open /usr/lib/gcc/aarch64-linux-gnu/13/crtend.o succeeded
/usr/lib/gcc/aarch64-linux-gnu/13/crtend.o
attempt to open /usr/lib/gcc/aarch64-linux-gnu/13/../../../../aarch64-linux-gnu/lib/../lib/crtn.o succeeded
/usr/lib/gcc/aarch64-linux-gnu/13/../../../../aarch64-linux-gnu/lib/../lib/crtn.o
